#
# There is insufficient memory for the Java Runtime Environment to continue.
# Native memory allocation (mmap) failed to map 293601280 bytes for G1 virtual space
# Possible reasons:
#   The system is out of physical RAM or swap space
#   The process is running with CompressedOops enabled, and the Java Heap may be blocking the growth of the native heap
# Possible solutions:
#   Reduce memory load on the system
#   Increase physical memory or swap space
#   Check if swap backing store is full
#   Decrease Java heap size (-Xmx/-Xms)
#   Decrease number of Java threads
#   Decrease Java thread stack sizes (-Xss)
#   Set larger code cache with -XX:ReservedCodeCacheSize=
#   JVM is running with Unscaled Compressed Oops mode in which the Java heap is
#     placed in the first 4GB address space. The Java Heap base address is the
#     maximum limit for the native heap growth. Please use -XX:HeapBaseMinAddress
#     to set the Java Heap base and to place the Java Heap above 4GB virtual address.
# This output file may be truncated or incomplete.
#
#  Out of Memory Error (os_windows.cpp:3532), pid=87400, tid=82076
#
# JRE version: Java(TM) SE Runtime Environment (17.0.2+8) (build 17.0.2+8-LTS-86)
# Java VM: Java HotSpot(TM) 64-Bit Server VM (17.0.2+8-LTS-86, mixed mode, sharing, tiered, compressed oops, compressed class ptrs, g1 gc, windows-amd64)
# No core dump will be written. Minidumps are not enabled by default on client versions of Windows
#

---------------  S U M M A R Y ------------

Command Line: -javaagent:C:\Program Files\JetBrains\IntelliJ IDEA Community Edition 2024.1.2\lib\idea_rt.jar=50616:C:\Program Files\JetBrains\IntelliJ IDEA Community Edition 2024.1.2\bin -Dfile.encoding=UTF-8 com.ace.AcKnowledgeHubApplication

Host: AMD Ryzen 5 7520U with Radeon Graphics         , 8 cores, 5G,  Windows 11 , 64 bit Build 22621 (10.0.22621.3672)
Time: Thu Sep 26 21:30:45 2024 Myanmar Standard Time elapsed time: 2374.772114 seconds (0d 0h 39m 34s)

---------------  T H R E A D  ---------------

Current thread (0x00000218cea07c60):  VMThread "VM Thread" [stack: 0x000000395cd00000,0x000000395ce00000] [id=82076]

Stack: [0x000000395cd00000,0x000000395ce00000]
Native frames: (J=compiled Java code, j=interpreted, Vv=VM code, C=native code)
V  [jvm.dll+0x670baa]
V  [jvm.dll+0x7cfcb4]
V  [jvm.dll+0x7d145e]
V  [jvm.dll+0x7d1ac3]
V  [jvm.dll+0x242bc5]
V  [jvm.dll+0x66dac9]
V  [jvm.dll+0x662412]
V  [jvm.dll+0x300c0b]
V  [jvm.dll+0x3081a6]
V  [jvm.dll+0x357d0e]
V  [jvm.dll+0x357f3f]
V  [jvm.dll+0x2d7ec8]
V  [jvm.dll+0x2d6194]
V  [jvm.dll+0x2d579c]
V  [jvm.dll+0x3190eb]
V  [jvm.dll+0x7d5f9b]
V  [jvm.dll+0x7d6cd4]
V  [jvm.dll+0x7d71ec]
V  [jvm.dll+0x7d75c4]
V  [jvm.dll+0x7d7690]
V  [jvm.dll+0x77ff7a]
V  [jvm.dll+0x66fa35]
C  [ucrtbase.dll+0x29333]
C  [KERNEL32.DLL+0x1257d]
C  [ntdll.dll+0x5aa48]

VM_Operation (0x00000039601fc2c0): G1CollectForAllocation, mode: safepoint, requested by thread 0x00000218d6954a70


---------------  P R O C E S S  ---------------

Threads class SMR info:
_java_thread_list=0x00000218d24bd400, length=56, elements={
0x00000218cea0df80, 0x00000218cea0fbb0, 0x00000218cea1fc00, 0x00000218cea206c0,
0x00000218cea23cc0, 0x00000218cea24fa0, 0x00000218cea31560, 0x00000218cea34320,
0x00000218cea34c20, 0x00000218cf476540, 0x00000218cfed6aa0, 0x00000218cfed6f70,
0x00000218d2b95540, 0x00000218d23c2d30, 0x00000218d23c3200, 0x00000218d2426f40,
0x00000218d0245a10, 0x00000218d228ec80, 0x00000218d228d940, 0x00000218d228f150,
0x00000218d228e2e0, 0x00000218d228f620, 0x00000218d228faf0, 0x00000218d2290490,
0x00000218d2290960, 0x00000218d228de10, 0x00000218d665a200, 0x00000218d665c3b0,
0x00000218d66589f0, 0x00000218d6658050, 0x00000218d6659390, 0x00000218d665f8a0,
0x00000218d3abf890, 0x00000218d6ef4340, 0x00000218d6ef34d0, 0x00000218d6954f40,
0x00000218d6955db0, 0x00000218d6954a70, 0x00000218d43bf050, 0x00000218d0267fc0,
0x00000218d02697d0, 0x00000218d0268e30, 0x00000218d0268490, 0x00000218d0268960,
0x00000218d0269300, 0x00000218d0ce25f0, 0x00000218d3abe080, 0x00000218d3c2d280,
0x00000218d6ef3000, 0x00000218d43bf9f0, 0x00000218d43bf520, 0x00000218d43bfec0,
0x00000218d0ce4c70, 0x00000218d0ce5ae0, 0x00000218cf44e0c0, 0x00000218d0ce5610
}

Java Threads: ( => current thread )
  0x00000218cea0df80 JavaThread "Reference Handler" daemon [_thread_blocked, id=82884, stack(0x000000395ce00000,0x000000395cf00000)]
  0x00000218cea0fbb0 JavaThread "Finalizer" daemon [_thread_blocked, id=89880, stack(0x000000395cf00000,0x000000395d000000)]
  0x00000218cea1fc00 JavaThread "Signal Dispatcher" daemon [_thread_blocked, id=89004, stack(0x000000395d000000,0x000000395d100000)]
  0x00000218cea206c0 JavaThread "Attach Listener" daemon [_thread_blocked, id=85648, stack(0x000000395d100000,0x000000395d200000)]
  0x00000218cea23cc0 JavaThread "Service Thread" daemon [_thread_blocked, id=88292, stack(0x000000395d200000,0x000000395d300000)]
  0x00000218cea24fa0 JavaThread "Monitor Deflation Thread" daemon [_thread_blocked, id=88136, stack(0x000000395d300000,0x000000395d400000)]
  0x00000218cea31560 JavaThread "C2 CompilerThread0" daemon [_thread_blocked, id=88692, stack(0x000000395d400000,0x000000395d500000)]
  0x00000218cea34320 JavaThread "C1 CompilerThread0" daemon [_thread_blocked, id=81432, stack(0x000000395d500000,0x000000395d600000)]
  0x00000218cea34c20 JavaThread "Sweeper thread" daemon [_thread_blocked, id=76552, stack(0x000000395d600000,0x000000395d700000)]
  0x00000218cf476540 JavaThread "Common-Cleaner" daemon [_thread_blocked, id=87836, stack(0x000000395d700000,0x000000395d800000)]
  0x00000218cfed6aa0 JavaThread "Monitor Ctrl-Break" daemon [_thread_in_native, id=88192, stack(0x000000395d800000,0x000000395d900000)]
  0x00000218cfed6f70 JavaThread "Notification Thread" daemon [_thread_blocked, id=36024, stack(0x000000395d900000,0x000000395da00000)]
  0x00000218d2b95540 JavaThread "Catalina-utility-1" [_thread_blocked, id=40508, stack(0x000000395e300000,0x000000395e400000)]
  0x00000218d23c2d30 JavaThread "Catalina-utility-2" [_thread_blocked, id=88340, stack(0x000000395e400000,0x000000395e500000)]
  0x00000218d23c3200 JavaThread "container-0" [_thread_blocked, id=80456, stack(0x000000395e500000,0x000000395e600000)]
  0x00000218d2426f40 JavaThread "mysql-cj-abandoned-connection-cleanup" daemon [_thread_blocked, id=88288, stack(0x000000395e600000,0x000000395e700000)]
  0x00000218d0245a10 JavaThread "HikariPool-1 housekeeper" daemon [_thread_blocked, id=82284, stack(0x000000395e800000,0x000000395e900000)]
  0x00000218d228ec80 JavaThread "KaungHeinbot Telegram Connection" [_thread_in_native, id=88504, stack(0x000000395ea00000,0x000000395eb00000)]
  0x00000218d228d940 JavaThread "KaungHeinbot Telegram Executor" [_thread_blocked, id=90012, stack(0x000000395eb00000,0x000000395ec00000)]
  0x00000218d228f150 JavaThread "MessageBroker-1" [_thread_blocked, id=89352, stack(0x000000395e900000,0x000000395ea00000)]
  0x00000218d228e2e0 JavaThread "http-nio-8080-exec-1" daemon [_thread_blocked, id=88620, stack(0x000000395ec00000,0x000000395ed00000)]
  0x00000218d228f620 JavaThread "http-nio-8080-exec-2" daemon [_thread_blocked, id=88616, stack(0x000000395ed00000,0x000000395ee00000)]
  0x00000218d228faf0 JavaThread "http-nio-8080-exec-4" daemon [_thread_blocked, id=87068, stack(0x000000395ef00000,0x000000395f000000)]
  0x00000218d2290490 JavaThread "http-nio-8080-exec-5" daemon [_thread_blocked, id=89000, stack(0x000000395f000000,0x000000395f100000)]
  0x00000218d2290960 JavaThread "http-nio-8080-exec-6" daemon [_thread_blocked, id=86740, stack(0x000000395f100000,0x000000395f200000)]
  0x00000218d228de10 JavaThread "http-nio-8080-exec-7" daemon [_thread_blocked, id=85684, stack(0x000000395f200000,0x000000395f300000)]
  0x00000218d665a200 JavaThread "http-nio-8080-exec-8" daemon [_thread_blocked, id=89844, stack(0x000000395f300000,0x000000395f400000)]
  0x00000218d665c3b0 JavaThread "http-nio-8080-exec-9" daemon [_thread_blocked, id=87244, stack(0x000000395f400000,0x000000395f500000)]
  0x00000218d66589f0 JavaThread "http-nio-8080-exec-10" daemon [_thread_blocked, id=88296, stack(0x000000395f500000,0x000000395f600000)]
  0x00000218d6658050 JavaThread "http-nio-8080-Poller" daemon [_thread_in_native, id=88584, stack(0x000000395f600000,0x000000395f700000)]
  0x00000218d6659390 JavaThread "http-nio-8080-Acceptor" daemon [_thread_in_native, id=88380, stack(0x000000395f700000,0x000000395f800000)]
  0x00000218d665f8a0 JavaThread "DestroyJavaVM" [_thread_blocked, id=80764, stack(0x000000395c700000,0x000000395c800000)]
  0x00000218d3abf890 JavaThread "MessageBroker-3" [_thread_blocked, id=86644, stack(0x000000395fb00000,0x000000395fc00000)]
  0x00000218d6ef4340 JavaThread "MessageBroker-2" [_thread_blocked, id=85584, stack(0x000000395fc00000,0x000000395fd00000)]
  0x00000218d6ef34d0 JavaThread "MessageBroker-4" [_thread_blocked, id=88688, stack(0x000000395fd00000,0x000000395fe00000)]
  0x00000218d6954f40 JavaThread "PostScheduler-1" [_thread_blocked, id=84528, stack(0x000000395ff00000,0x0000003960000000)]
  0x00000218d6955db0 JavaThread "PostScheduler-2" [_thread_blocked, id=80924, stack(0x0000003960000000,0x0000003960100000)]
  0x00000218d6954a70 JavaThread "PostScheduler-3" [_thread_blocked, id=86596, stack(0x0000003960100000,0x0000003960200000)]
  0x00000218d43bf050 JavaThread "PostScheduler-4" [_thread_blocked, id=89812, stack(0x0000003960200000,0x0000003960300000)]
  0x00000218d0267fc0 JavaThread "MessageBroker-5" [_thread_blocked, id=84492, stack(0x0000003960300000,0x0000003960400000)]
  0x00000218d02697d0 JavaThread "PostScheduler-5" [_thread_blocked, id=79460, stack(0x0000003960400000,0x0000003960500000)]
  0x00000218d0268e30 JavaThread "PostScheduler-6" [_thread_blocked, id=83188, stack(0x0000003960500000,0x0000003960600000)]
  0x00000218d0268490 JavaThread "PostScheduler-7" [_thread_blocked, id=89144, stack(0x0000003960600000,0x0000003960700000)]
  0x00000218d0268960 JavaThread "PostScheduler-8" [_thread_blocked, id=79136, stack(0x0000003960700000,0x0000003960800000)]
  0x00000218d0269300 JavaThread "PostScheduler-9" [_thread_blocked, id=89268, stack(0x0000003960800000,0x0000003960900000)]
  0x00000218d0ce25f0 JavaThread "PostScheduler-10" [_thread_blocked, id=88332, stack(0x0000003960900000,0x0000003960a00000)]
  0x00000218d3abe080 JavaThread "MessageBroker-6" [_thread_blocked, id=84132, stack(0x0000003960a00000,0x0000003960b00000)]
  0x00000218d3c2d280 JavaThread "MessageBroker-7" [_thread_blocked, id=89388, stack(0x0000003960b00000,0x0000003960c00000)]
  0x00000218d6ef3000 JavaThread "MessageBroker-8" [_thread_blocked, id=86120, stack(0x0000003960d00000,0x0000003960e00000)]
  0x00000218d43bf9f0 JavaThread "Async-Task-1" [_thread_blocked, id=83668, stack(0x000000395c400000,0x000000395c500000)]
  0x00000218d43bf520 JavaThread "Async-Task-2" [_thread_blocked, id=86880, stack(0x000000395c500000,0x000000395c600000)]
  0x00000218d43bfec0 JavaThread "Async-Task-3" [_thread_blocked, id=87032, stack(0x000000395c600000,0x000000395c700000)]
  0x00000218d0ce4c70 JavaThread "Async-Task-4" [_thread_blocked, id=89556, stack(0x000000395fa00000,0x000000395fb00000)]
  0x00000218d0ce5ae0 JavaThread "Async-Task-5" [_thread_blocked, id=88928, stack(0x000000395fe00000,0x000000395ff00000)]
  0x00000218cf44e0c0 JavaThread "http-nio-8080-exec-11" daemon [_thread_blocked, id=89668, stack(0x000000395f900000,0x000000395fa00000)]
  0x00000218d0ce5610 JavaThread "WebSocket background processing" daemon [_thread_blocked, id=91488, stack(0x000000395ee00000,0x000000395ef00000)]

Other Threads:
=>0x00000218cea07c60 VMThread "VM Thread" [stack: 0x000000395cd00000,0x000000395ce00000] [id=82076]
  0x00000218aff15630 WatcherThread [stack: 0x000000395da00000,0x000000395db00000] [id=88420]
  0x00000218afeff770 GCTaskThread "GC Thread#0" [stack: 0x000000395c800000,0x000000395c900000] [id=86564]
  0x00000218d03e4ce0 GCTaskThread "GC Thread#1" [stack: 0x000000395db00000,0x000000395dc00000] [id=89468]
  0x00000218d05b4120 GCTaskThread "GC Thread#2" [stack: 0x000000395dc00000,0x000000395dd00000] [id=83336]
  0x00000218d05c2260 GCTaskThread "GC Thread#3" [stack: 0x000000395dd00000,0x000000395de00000] [id=90040]
  0x00000218d05c2510 GCTaskThread "GC Thread#4" [stack: 0x000000395de00000,0x000000395df00000] [id=87416]
  0x00000218d07a3800 GCTaskThread "GC Thread#5" [stack: 0x000000395e000000,0x000000395e100000] [id=85616]
  0x00000218d08befd0 GCTaskThread "GC Thread#6" [stack: 0x000000395e100000,0x000000395e200000] [id=82116]
  0x00000218d08bf280 GCTaskThread "GC Thread#7" [stack: 0x000000395e200000,0x000000395e300000] [id=35460]
  0x00000218aff0c590 ConcurrentGCThread "G1 Main Marker" [stack: 0x000000395c900000,0x000000395ca00000] [id=83012]
  0x00000218aff0f670 ConcurrentGCThread "G1 Conc#0" [stack: 0x000000395ca00000,0x000000395cb00000] [id=89792]
  0x00000218d227c020 ConcurrentGCThread "G1 Conc#1" [stack: 0x000000395df00000,0x000000395e000000] [id=88352]
  0x00000218aff67c70 ConcurrentGCThread "G1 Refine#0" [stack: 0x000000395cb00000,0x000000395cc00000] [id=88552]
  0x00000218cf5536d0 ConcurrentGCThread "G1 Refine#1" [stack: 0x000000395f800000,0x000000395f900000] [id=92508]
  0x00000218ce8c06e0 ConcurrentGCThread "G1 Service" [stack: 0x000000395cc00000,0x000000395cd00000] [id=87844]

Threads with active compile tasks:
C2 CompilerThread0  2374841 19155       4       org.hibernate.sql.results.graph.entity.AbstractEntityInitializer::resolveEntityInstance (470 bytes)

VM state: at safepoint (normal execution)

VM Mutex/Monitor currently owned by a thread:  ([mutex/lock_event])
[0x00000218afec39d0] Threads_lock - owner thread: 0x00000218cea07c60
[0x00000218afec4240] Heap_lock - owner thread: 0x00000218d6954a70

Heap address: 0x00000000a4200000, size: 1470 MB, Compressed Oops mode: 32-bit

CDS archive(s) mapped at: [0x0000000800000000-0x0000000800bc0000-0x0000000800bc0000), size 12320768, SharedBaseAddress: 0x0000000800000000, ArchiveRelocationMode: 0.
Compressed class space mapped at: 0x0000000800c00000-0x0000000840c00000, reserved size: 1073741824
Narrow klass base: 0x0000000800000000, Narrow klass shift: 0, Narrow klass range: 0x100000000

GC Precious Log:
 CPUs: 8 total, 8 available
 Memory: 5877M
 Large Page Support: Disabled
 NUMA Support: Disabled
 Compressed Oops: Enabled (32-bit)
 Heap Region Size: 1M
 Heap Min Capacity: 8M
 Heap Initial Capacity: 92M
 Heap Max Capacity: 1470M
 Pre-touch: Disabled
 Parallel Workers: 8
 Concurrent Workers: 2
 Concurrent Refinement Workers: 8
 Periodic GC: Disabled

Heap:
 garbage-first heap   total 223232K, used 61946K [0x00000000a4200000, 0x0000000100000000)
  region size 1024K, 2 young (2048K), 2 survivors (2048K)
 Metaspace       used 98884K, committed 99712K, reserved 1138688K
  class space    used 12713K, committed 13184K, reserved 1048576K

Heap Regions: E=young(eden), S=young(survivor), O=old, HS=humongous(starts), HC=humongous(continues), CS=collection set, F=free, OA=open archive, CA=closed archive, TAMS=top-at-mark-start (previous, next)
|   0|0x00000000a4200000, 0x00000000a4300000, 0x00000000a4300000|100%|HS|  |TAMS 0x00000000a4300000, 0x00000000a4300000| Complete 
|   1|0x00000000a4300000, 0x00000000a4400000, 0x00000000a4400000|100%| O|  |TAMS 0x00000000a4400000, 0x00000000a4400000| Untracked 
|   2|0x00000000a4400000, 0x00000000a4500000, 0x00000000a4500000|100%| O|  |TAMS 0x00000000a4500000, 0x00000000a4500000| Untracked 
|   3|0x00000000a4500000, 0x00000000a4600000, 0x00000000a4600000|100%| O|  |TAMS 0x00000000a4600000, 0x00000000a4600000| Untracked 
|   4|0x00000000a4600000, 0x00000000a4700000, 0x00000000a4700000|100%| O|  |TAMS 0x00000000a4700000, 0x00000000a4700000| Untracked 
|   5|0x00000000a4700000, 0x00000000a4800000, 0x00000000a4800000|100%| O|  |TAMS 0x00000000a4800000, 0x00000000a4800000| Untracked 
|   6|0x00000000a4800000, 0x00000000a4900000, 0x00000000a4900000|100%| O|  |TAMS 0x00000000a4900000, 0x00000000a4900000| Untracked 
|   7|0x00000000a4900000, 0x00000000a4a00000, 0x00000000a4a00000|100%| O|  |TAMS 0x00000000a4a00000, 0x00000000a4a00000| Untracked 
|   8|0x00000000a4a00000, 0x00000000a4b00000, 0x00000000a4b00000|100%| O|  |TAMS 0x00000000a4b00000, 0x00000000a4b00000| Untracked 
|   9|0x00000000a4b00000, 0x00000000a4c00000, 0x00000000a4c00000|100%| O|  |TAMS 0x00000000a4c00000, 0x00000000a4c00000| Untracked 
|  10|0x00000000a4c00000, 0x00000000a4d00000, 0x00000000a4d00000|100%| O|  |TAMS 0x00000000a4d00000, 0x00000000a4d00000| Untracked 
|  11|0x00000000a4d00000, 0x00000000a4e00000, 0x00000000a4e00000|100%| O|  |TAMS 0x00000000a4e00000, 0x00000000a4e00000| Untracked 
|  12|0x00000000a4e00000, 0x00000000a4f00000, 0x00000000a4f00000|100%| O|  |TAMS 0x00000000a4f00000, 0x00000000a4f00000| Untracked 
|  13|0x00000000a4f00000, 0x00000000a5000000, 0x00000000a5000000|100%| O|  |TAMS 0x00000000a5000000, 0x00000000a5000000| Untracked 
|  14|0x00000000a5000000, 0x00000000a5100000, 0x00000000a5100000|100%| O|  |TAMS 0x00000000a5100000, 0x00000000a5100000| Untracked 
|  15|0x00000000a5100000, 0x00000000a5200000, 0x00000000a5200000|100%| O|  |TAMS 0x00000000a5200000, 0x00000000a5200000| Untracked 
|  16|0x00000000a5200000, 0x00000000a5300000, 0x00000000a5300000|100%| O|  |TAMS 0x00000000a5300000, 0x00000000a5300000| Untracked 
|  17|0x00000000a5300000, 0x00000000a5400000, 0x00000000a5400000|100%| O|  |TAMS 0x00000000a5400000, 0x00000000a5400000| Untracked 
|  18|0x00000000a5400000, 0x00000000a5500000, 0x00000000a5500000|100%| O|  |TAMS 0x00000000a5500000, 0x00000000a5500000| Untracked 
|  19|0x00000000a5500000, 0x00000000a5600000, 0x00000000a5600000|100%| O|  |TAMS 0x00000000a5600000, 0x00000000a5600000| Untracked 
|  20|0x00000000a5600000, 0x00000000a5700000, 0x00000000a5700000|100%| O|  |TAMS 0x00000000a5700000, 0x00000000a5700000| Untracked 
|  21|0x00000000a5700000, 0x00000000a5800000, 0x00000000a5800000|100%| O|  |TAMS 0x00000000a5800000, 0x00000000a5800000| Untracked 
|  22|0x00000000a5800000, 0x00000000a5900000, 0x00000000a5900000|100%| O|  |TAMS 0x00000000a5900000, 0x00000000a5900000| Untracked 
|  23|0x00000000a5900000, 0x00000000a5a00000, 0x00000000a5a00000|100%| O|  |TAMS 0x00000000a5a00000, 0x00000000a5a00000| Untracked 
|  24|0x00000000a5a00000, 0x00000000a5b00000, 0x00000000a5b00000|100%| O|  |TAMS 0x00000000a5b00000, 0x00000000a5b00000| Untracked 
|  25|0x00000000a5b00000, 0x00000000a5b00000, 0x00000000a5c00000|  0%| F|  |TAMS 0x00000000a5b00000, 0x00000000a5b00000| Untracked 
|  26|0x00000000a5c00000, 0x00000000a5d00000, 0x00000000a5d00000|100%| O|  |TAMS 0x00000000a5d00000, 0x00000000a5d00000| Untracked 
|  27|0x00000000a5d00000, 0x00000000a5e00000, 0x00000000a5e00000|100%| O|  |TAMS 0x00000000a5e00000, 0x00000000a5e00000| Untracked 
|  28|0x00000000a5e00000, 0x00000000a5f00000, 0x00000000a5f00000|100%| O|  |TAMS 0x00000000a5f00000, 0x00000000a5f00000| Untracked 
|  29|0x00000000a5f00000, 0x00000000a6000000, 0x00000000a6000000|100%| O|  |TAMS 0x00000000a6000000, 0x00000000a6000000| Untracked 
|  30|0x00000000a6000000, 0x00000000a6100000, 0x00000000a6100000|100%| O|  |TAMS 0x00000000a6100000, 0x00000000a6100000| Untracked 
|  31|0x00000000a6100000, 0x00000000a6200000, 0x00000000a6200000|100%| O|  |TAMS 0x00000000a6200000, 0x00000000a6200000| Untracked 
|  32|0x00000000a6200000, 0x00000000a6300000, 0x00000000a6300000|100%| O|  |TAMS 0x00000000a6300000, 0x00000000a6300000| Untracked 
|  33|0x00000000a6300000, 0x00000000a6400000, 0x00000000a6400000|100%| O|  |TAMS 0x00000000a6400000, 0x00000000a6400000| Untracked 
|  34|0x00000000a6400000, 0x00000000a6500000, 0x00000000a6500000|100%| O|  |TAMS 0x00000000a6500000, 0x00000000a6500000| Untracked 
|  35|0x00000000a6500000, 0x00000000a65ffff8, 0x00000000a6600000| 99%| O|  |TAMS 0x00000000a65ffff8, 0x00000000a65ffff8| Untracked 
|  36|0x00000000a6600000, 0x00000000a6700000, 0x00000000a6700000|100%| O|  |TAMS 0x00000000a6700000, 0x00000000a6700000| Untracked 
|  37|0x00000000a6700000, 0x00000000a6800000, 0x00000000a6800000|100%| O|  |TAMS 0x00000000a6800000, 0x00000000a6800000| Untracked 
|  38|0x00000000a6800000, 0x00000000a6900000, 0x00000000a6900000|100%| O|  |TAMS 0x00000000a6900000, 0x00000000a6900000| Untracked 
|  39|0x00000000a6900000, 0x00000000a6a00000, 0x00000000a6a00000|100%| O|  |TAMS 0x00000000a6a00000, 0x00000000a6a00000| Untracked 
|  40|0x00000000a6a00000, 0x00000000a6b00000, 0x00000000a6b00000|100%| O|  |TAMS 0x00000000a6b00000, 0x00000000a6b00000| Untracked 
|  41|0x00000000a6b00000, 0x00000000a6c00000, 0x00000000a6c00000|100%| O|  |TAMS 0x00000000a6c00000, 0x00000000a6c00000| Untracked 
|  42|0x00000000a6c00000, 0x00000000a6d00000, 0x00000000a6d00000|100%| O|  |TAMS 0x00000000a6d00000, 0x00000000a6d00000| Untracked 
|  43|0x00000000a6d00000, 0x00000000a6e00000, 0x00000000a6e00000|100%| O|  |TAMS 0x00000000a6e00000, 0x00000000a6e00000| Untracked 
|  44|0x00000000a6e00000, 0x00000000a6e00000, 0x00000000a6f00000|  0%| F|  |TAMS 0x00000000a6e00000, 0x00000000a6e00000| Untracked 
|  45|0x00000000a6f00000, 0x00000000a7000000, 0x00000000a7000000|100%| O|  |TAMS 0x00000000a7000000, 0x00000000a7000000| Untracked 
|  46|0x00000000a7000000, 0x00000000a7100000, 0x00000000a7100000|100%| O|  |TAMS 0x00000000a7000000, 0x00000000a7100000| Untracked 
|  47|0x00000000a7100000, 0x00000000a7200000, 0x00000000a7200000|100%| O|  |TAMS 0x00000000a7200000, 0x00000000a7200000| Untracked 
|  48|0x00000000a7200000, 0x00000000a7300000, 0x00000000a7300000|100%| O|  |TAMS 0x00000000a7300000, 0x00000000a7300000| Untracked 
|  49|0x00000000a7300000, 0x00000000a7300000, 0x00000000a7400000|  0%| F|  |TAMS 0x00000000a7300000, 0x00000000a7300000| Untracked 
|  50|0x00000000a7400000, 0x00000000a7500000, 0x00000000a7500000|100%| O|  |TAMS 0x00000000a7500000, 0x00000000a7500000| Untracked 
|  51|0x00000000a7500000, 0x00000000a75c0e00, 0x00000000a7600000| 75%| O|  |TAMS 0x00000000a7500000, 0x00000000a75c0e00| Untracked 
|  52|0x00000000a7600000, 0x00000000a7700000, 0x00000000a7700000|100%| O|  |TAMS 0x00000000a7700000, 0x00000000a7700000| Untracked 
|  53|0x00000000a7700000, 0x00000000a7800000, 0x00000000a7800000|100%| O|  |TAMS 0x00000000a7800000, 0x00000000a7800000| Untracked 
|  54|0x00000000a7800000, 0x00000000a7900000, 0x00000000a7900000|100%| O|  |TAMS 0x00000000a7900000, 0x00000000a7900000| Untracked 
|  55|0x00000000a7900000, 0x00000000a7a00000, 0x00000000a7a00000|100%| O|  |TAMS 0x00000000a7a00000, 0x00000000a7a00000| Untracked 
|  56|0x00000000a7a00000, 0x00000000a7b00000, 0x00000000a7b00000|100%| O|  |TAMS 0x00000000a7b00000, 0x00000000a7b00000| Untracked 
|  57|0x00000000a7b00000, 0x00000000a7c00000, 0x00000000a7c00000|100%| O|  |TAMS 0x00000000a7c00000, 0x00000000a7c00000| Untracked 
|  58|0x00000000a7c00000, 0x00000000a7d00000, 0x00000000a7d00000|100%| O|  |TAMS 0x00000000a7d00000, 0x00000000a7d00000| Untracked 
|  59|0x00000000a7d00000, 0x00000000a7e00000, 0x00000000a7e00000|100%| O|  |TAMS 0x00000000a7e00000, 0x00000000a7e00000| Untracked 
|  60|0x00000000a7e00000, 0x00000000a7f00000, 0x00000000a7f00000|100%| O|  |TAMS 0x00000000a7f00000, 0x00000000a7f00000| Untracked 
|  61|0x00000000a7f00000, 0x00000000a7f00000, 0x00000000a8000000|  0%| F|  |TAMS 0x00000000a7f00000, 0x00000000a7f00000| Untracked 
|  62|0x00000000a8000000, 0x00000000a8000000, 0x00000000a8100000|  0%| F|  |TAMS 0x00000000a8000000, 0x00000000a8000000| Untracked 
|  63|0x00000000a8100000, 0x00000000a8200000, 0x00000000a8200000|100%| O|  |TAMS 0x00000000a8125e00, 0x00000000a8200000| Untracked 
|  64|0x00000000a8200000, 0x00000000a8200000, 0x00000000a8300000|  0%| F|  |TAMS 0x00000000a8200000, 0x00000000a8200000| Untracked 
|  65|0x00000000a8300000, 0x00000000a8300000, 0x00000000a8400000|  0%| F|  |TAMS 0x00000000a8300000, 0x00000000a8300000| Untracked 
|  66|0x00000000a8400000, 0x00000000a8400000, 0x00000000a8500000|  0%| F|  |TAMS 0x00000000a8400000, 0x00000000a8400000| Untracked 
|  67|0x00000000a8500000, 0x00000000a8500000, 0x00000000a8600000|  0%| F|  |TAMS 0x00000000a8500000, 0x00000000a8500000| Untracked 
|  68|0x00000000a8600000, 0x00000000a8600000, 0x00000000a8700000|  0%| F|  |TAMS 0x00000000a8600000, 0x00000000a8600000| Untracked 
|  69|0x00000000a8700000, 0x00000000a8700000, 0x00000000a8800000|  0%| F|  |TAMS 0x00000000a8700000, 0x00000000a8700000| Untracked 
|  70|0x00000000a8800000, 0x00000000a8800000, 0x00000000a8900000|  0%| F|  |TAMS 0x00000000a8800000, 0x00000000a8800000| Untracked 
|  71|0x00000000a8900000, 0x00000000a8900000, 0x00000000a8a00000|  0%| F|  |TAMS 0x00000000a8900000, 0x00000000a8900000| Untracked 
|  72|0x00000000a8a00000, 0x00000000a8a00000, 0x00000000a8b00000|  0%| F|  |TAMS 0x00000000a8a00000, 0x00000000a8a00000| Untracked 
|  73|0x00000000a8b00000, 0x00000000a8b00000, 0x00000000a8c00000|  0%| F|  |TAMS 0x00000000a8b00000, 0x00000000a8b00000| Untracked 
|  74|0x00000000a8c00000, 0x00000000a8c00000, 0x00000000a8d00000|  0%| F|  |TAMS 0x00000000a8c00000, 0x00000000a8c00000| Untracked 
|  75|0x00000000a8d00000, 0x00000000a8d00000, 0x00000000a8e00000|  0%| F|  |TAMS 0x00000000a8d00000, 0x00000000a8d00000| Untracked 
|  76|0x00000000a8e00000, 0x00000000a8e00000, 0x00000000a8f00000|  0%| F|  |TAMS 0x00000000a8e00000, 0x00000000a8e00000| Untracked 
|  77|0x00000000a8f00000, 0x00000000a8f00000, 0x00000000a9000000|  0%| F|  |TAMS 0x00000000a8f00000, 0x00000000a8f00000| Untracked 
|  78|0x00000000a9000000, 0x00000000a9000000, 0x00000000a9100000|  0%| F|  |TAMS 0x00000000a9000000, 0x00000000a9000000| Untracked 
|  79|0x00000000a9100000, 0x00000000a9100000, 0x00000000a9200000|  0%| F|  |TAMS 0x00000000a9100000, 0x00000000a9100000| Untracked 
|  80|0x00000000a9200000, 0x00000000a9200000, 0x00000000a9300000|  0%| F|  |TAMS 0x00000000a9200000, 0x00000000a9200000| Untracked 
|  81|0x00000000a9300000, 0x00000000a9300000, 0x00000000a9400000|  0%| F|  |TAMS 0x00000000a9300000, 0x00000000a9300000| Untracked 
|  82|0x00000000a9400000, 0x00000000a9400000, 0x00000000a9500000|  0%| F|  |TAMS 0x00000000a9400000, 0x00000000a9400000| Untracked 
|  83|0x00000000a9500000, 0x00000000a9500000, 0x00000000a9600000|  0%| F|  |TAMS 0x00000000a9500000, 0x00000000a9500000| Untracked 
|  84|0x00000000a9600000, 0x00000000a9600000, 0x00000000a9700000|  0%| F|  |TAMS 0x00000000a9600000, 0x00000000a9600000| Untracked 
|  85|0x00000000a9700000, 0x00000000a97bdcd8, 0x00000000a9800000| 74%| S|CS|TAMS 0x00000000a9700000, 0x00000000a9700000| Complete 
|  86|0x00000000a9800000, 0x00000000a9900000, 0x00000000a9900000|100%| S|CS|TAMS 0x00000000a9800000, 0x00000000a9800000| Complete 
|  87|0x00000000a9900000, 0x00000000a9900000, 0x00000000a9a00000|  0%| F|  |TAMS 0x00000000a9900000, 0x00000000a9900000| Untracked 
|  88|0x00000000a9a00000, 0x00000000a9a00000, 0x00000000a9b00000|  0%| F|  |TAMS 0x00000000a9a00000, 0x00000000a9a00000| Untracked 
|  89|0x00000000a9b00000, 0x00000000a9b00000, 0x00000000a9c00000|  0%| F|  |TAMS 0x00000000a9b00000, 0x00000000a9b00000| Untracked 
|  90|0x00000000a9c00000, 0x00000000a9c00000, 0x00000000a9d00000|  0%| F|  |TAMS 0x00000000a9c00000, 0x00000000a9c00000| Untracked 
|  91|0x00000000a9d00000, 0x00000000a9d00000, 0x00000000a9e00000|  0%| F|  |TAMS 0x00000000a9d00000, 0x00000000a9d00000| Untracked 
|  92|0x00000000a9e00000, 0x00000000a9e00000, 0x00000000a9f00000|  0%| F|  |TAMS 0x00000000a9e00000, 0x00000000a9e00000| Untracked 
|  93|0x00000000a9f00000, 0x00000000a9f00000, 0x00000000aa000000|  0%| F|  |TAMS 0x00000000a9f00000, 0x00000000a9f00000| Untracked 
|  94|0x00000000aa000000, 0x00000000aa000000, 0x00000000aa100000|  0%| F|  |TAMS 0x00000000aa000000, 0x00000000aa000000| Untracked 
|  95|0x00000000aa100000, 0x00000000aa100000, 0x00000000aa200000|  0%| F|  |TAMS 0x00000000aa100000, 0x00000000aa100000| Untracked 
|  96|0x00000000aa200000, 0x00000000aa200000, 0x00000000aa300000|  0%| F|  |TAMS 0x00000000aa200000, 0x00000000aa200000| Untracked 
|  97|0x00000000aa300000, 0x00000000aa300000, 0x00000000aa400000|  0%| F|  |TAMS 0x00000000aa300000, 0x00000000aa300000| Untracked 
|  98|0x00000000aa400000, 0x00000000aa400000, 0x00000000aa500000|  0%| F|  |TAMS 0x00000000aa400000, 0x00000000aa400000| Untracked 
|  99|0x00000000aa500000, 0x00000000aa500000, 0x00000000aa600000|  0%| F|  |TAMS 0x00000000aa500000, 0x00000000aa500000| Untracked 
| 100|0x00000000aa600000, 0x00000000aa600000, 0x00000000aa700000|  0%| F|  |TAMS 0x00000000aa600000, 0x00000000aa600000| Untracked 
| 101|0x00000000aa700000, 0x00000000aa700000, 0x00000000aa800000|  0%| F|  |TAMS 0x00000000aa700000, 0x00000000aa700000| Untracked 
| 102|0x00000000aa800000, 0x00000000aa800000, 0x00000000aa900000|  0%| F|  |TAMS 0x00000000aa800000, 0x00000000aa800000| Untracked 
| 103|0x00000000aa900000, 0x00000000aa900000, 0x00000000aaa00000|  0%| F|  |TAMS 0x00000000aa900000, 0x00000000aa900000| Untracked 
| 104|0x00000000aaa00000, 0x00000000aaa00000, 0x00000000aab00000|  0%| F|  |TAMS 0x00000000aaa00000, 0x00000000aaa00000| Untracked 
| 105|0x00000000aab00000, 0x00000000aab00000, 0x00000000aac00000|  0%| F|  |TAMS 0x00000000aab00000, 0x00000000aab00000| Untracked 
| 106|0x00000000aac00000, 0x00000000aac00000, 0x00000000aad00000|  0%| F|  |TAMS 0x00000000aac00000, 0x00000000aac00000| Untracked 
| 107|0x00000000aad00000, 0x00000000aad00000, 0x00000000aae00000|  0%| F|  |TAMS 0x00000000aad00000, 0x00000000aad00000| Untracked 
| 108|0x00000000aae00000, 0x00000000aae00000, 0x00000000aaf00000|  0%| F|  |TAMS 0x00000000aae00000, 0x00000000aae00000| Untracked 
| 109|0x00000000aaf00000, 0x00000000aaf00000, 0x00000000ab000000|  0%| F|  |TAMS 0x00000000aaf00000, 0x00000000aaf00000| Untracked 
| 110|0x00000000ab000000, 0x00000000ab000000, 0x00000000ab100000|  0%| F|  |TAMS 0x00000000ab000000, 0x00000000ab000000| Untracked 
| 111|0x00000000ab100000, 0x00000000ab100000, 0x00000000ab200000|  0%| F|  |TAMS 0x00000000ab100000, 0x00000000ab100000| Untracked 
| 112|0x00000000ab200000, 0x00000000ab200000, 0x00000000ab300000|  0%| F|  |TAMS 0x00000000ab200000, 0x00000000ab200000| Untracked 
| 113|0x00000000ab300000, 0x00000000ab300000, 0x00000000ab400000|  0%| F|  |TAMS 0x00000000ab300000, 0x00000000ab300000| Untracked 
| 114|0x00000000ab400000, 0x00000000ab400000, 0x00000000ab500000|  0%| F|  |TAMS 0x00000000ab400000, 0x00000000ab400000| Untracked 
| 115|0x00000000ab500000, 0x00000000ab500000, 0x00000000ab600000|  0%| F|  |TAMS 0x00000000ab500000, 0x00000000ab500000| Untracked 
| 116|0x00000000ab600000, 0x00000000ab600000, 0x00000000ab700000|  0%| F|  |TAMS 0x00000000ab600000, 0x00000000ab600000| Untracked 
| 117|0x00000000ab700000, 0x00000000ab700000, 0x00000000ab800000|  0%| F|  |TAMS 0x00000000ab700000, 0x00000000ab700000| Untracked 
| 118|0x00000000ab800000, 0x00000000ab800000, 0x00000000ab900000|  0%| F|  |TAMS 0x00000000ab800000, 0x00000000ab800000| Untracked 
| 119|0x00000000ab900000, 0x00000000ab900000, 0x00000000aba00000|  0%| F|  |TAMS 0x00000000ab900000, 0x00000000ab900000| Untracked 
| 120|0x00000000aba00000, 0x00000000aba00000, 0x00000000abb00000|  0%| F|  |TAMS 0x00000000aba00000, 0x00000000aba00000| Untracked 
| 121|0x00000000abb00000, 0x00000000abb00000, 0x00000000abc00000|  0%| F|  |TAMS 0x00000000abb00000, 0x00000000abb00000| Untracked 
| 122|0x00000000abc00000, 0x00000000abc00000, 0x00000000abd00000|  0%| F|  |TAMS 0x00000000abc00000, 0x00000000abc00000| Untracked 
| 123|0x00000000abd00000, 0x00000000abd00000, 0x00000000abe00000|  0%| F|  |TAMS 0x00000000abd00000, 0x00000000abd00000| Untracked 
| 124|0x00000000abe00000, 0x00000000abe00000, 0x00000000abf00000|  0%| F|  |TAMS 0x00000000abe00000, 0x00000000abe00000| Untracked 
| 125|0x00000000abf00000, 0x00000000abf00000, 0x00000000ac000000|  0%| F|  |TAMS 0x00000000abf00000, 0x00000000abf00000| Untracked 
| 126|0x00000000ac000000, 0x00000000ac000000, 0x00000000ac100000|  0%| F|  |TAMS 0x00000000ac000000, 0x00000000ac000000| Untracked 
| 127|0x00000000ac100000, 0x00000000ac100000, 0x00000000ac200000|  0%| F|  |TAMS 0x00000000ac100000, 0x00000000ac100000| Untracked 
| 128|0x00000000ac200000, 0x00000000ac200000, 0x00000000ac300000|  0%| F|  |TAMS 0x00000000ac200000, 0x00000000ac200000| Untracked 
| 129|0x00000000ac300000, 0x00000000ac300000, 0x00000000ac400000|  0%| F|  |TAMS 0x00000000ac300000, 0x00000000ac300000| Untracked 
| 130|0x00000000ac400000, 0x00000000ac400000, 0x00000000ac500000|  0%| F|  |TAMS 0x00000000ac400000, 0x00000000ac400000| Untracked 
| 131|0x00000000ac500000, 0x00000000ac500000, 0x00000000ac600000|  0%| F|  |TAMS 0x00000000ac500000, 0x00000000ac500000| Untracked 
| 132|0x00000000ac600000, 0x00000000ac600000, 0x00000000ac700000|  0%| F|  |TAMS 0x00000000ac600000, 0x00000000ac600000| Untracked 
| 133|0x00000000ac700000, 0x00000000ac700000, 0x00000000ac800000|  0%| F|  |TAMS 0x00000000ac700000, 0x00000000ac700000| Untracked 
| 134|0x00000000ac800000, 0x00000000ac800000, 0x00000000ac900000|  0%| F|  |TAMS 0x00000000ac800000, 0x00000000ac800000| Untracked 
| 135|0x00000000ac900000, 0x00000000ac900000, 0x00000000aca00000|  0%| F|  |TAMS 0x00000000ac900000, 0x00000000ac900000| Untracked 
| 136|0x00000000aca00000, 0x00000000aca00000, 0x00000000acb00000|  0%| F|  |TAMS 0x00000000aca00000, 0x00000000aca00000| Untracked 
| 137|0x00000000acb00000, 0x00000000acb00000, 0x00000000acc00000|  0%| F|  |TAMS 0x00000000acb00000, 0x00000000acb00000| Untracked 
| 138|0x00000000acc00000, 0x00000000acc00000, 0x00000000acd00000|  0%| F|  |TAMS 0x00000000acc00000, 0x00000000acc00000| Untracked 
| 139|0x00000000acd00000, 0x00000000acd00000, 0x00000000ace00000|  0%| F|  |TAMS 0x00000000acd00000, 0x00000000acd00000| Untracked 
| 140|0x00000000ace00000, 0x00000000ace00000, 0x00000000acf00000|  0%| F|  |TAMS 0x00000000ace00000, 0x00000000ace00000| Untracked 
| 141|0x00000000acf00000, 0x00000000acf00000, 0x00000000ad000000|  0%| F|  |TAMS 0x00000000acf00000, 0x00000000acf00000| Untracked 
| 142|0x00000000ad000000, 0x00000000ad000000, 0x00000000ad100000|  0%| F|  |TAMS 0x00000000ad000000, 0x00000000ad000000| Untracked 
| 143|0x00000000ad100000, 0x00000000ad100000, 0x00000000ad200000|  0%| F|  |TAMS 0x00000000ad100000, 0x00000000ad100000| Untracked 
| 144|0x00000000ad200000, 0x00000000ad200000, 0x00000000ad300000|  0%| F|  |TAMS 0x00000000ad200000, 0x00000000ad200000| Untracked 
| 145|0x00000000ad300000, 0x00000000ad300000, 0x00000000ad400000|  0%| F|  |TAMS 0x00000000ad300000, 0x00000000ad300000| Untracked 
| 146|0x00000000ad400000, 0x00000000ad400000, 0x00000000ad500000|  0%| F|  |TAMS 0x00000000ad400000, 0x00000000ad400000| Untracked 
| 147|0x00000000ad500000, 0x00000000ad500000, 0x00000000ad600000|  0%| F|  |TAMS 0x00000000ad500000, 0x00000000ad500000| Untracked 
| 148|0x00000000ad600000, 0x00000000ad600000, 0x00000000ad700000|  0%| F|  |TAMS 0x00000000ad600000, 0x00000000ad600000| Untracked 
| 149|0x00000000ad700000, 0x00000000ad700000, 0x00000000ad800000|  0%| F|  |TAMS 0x00000000ad700000, 0x00000000ad700000| Untracked 
| 150|0x00000000ad800000, 0x00000000ad800000, 0x00000000ad900000|  0%| F|  |TAMS 0x00000000ad800000, 0x00000000ad800000| Untracked 
| 151|0x00000000ad900000, 0x00000000ad900000, 0x00000000ada00000|  0%| F|  |TAMS 0x00000000ad900000, 0x00000000ad900000| Untracked 
| 152|0x00000000ada00000, 0x00000000ada00000, 0x00000000adb00000|  0%| F|  |TAMS 0x00000000ada00000, 0x00000000ada00000| Untracked 
| 153|0x00000000adb00000, 0x00000000adb00000, 0x00000000adc00000|  0%| F|  |TAMS 0x00000000adb00000, 0x00000000adb00000| Untracked 
| 154|0x00000000adc00000, 0x00000000adc00000, 0x00000000add00000|  0%| F|  |TAMS 0x00000000adc00000, 0x00000000adc00000| Untracked 
| 155|0x00000000add00000, 0x00000000add00000, 0x00000000ade00000|  0%| F|  |TAMS 0x00000000add00000, 0x00000000add00000| Untracked 
| 156|0x00000000ade00000, 0x00000000ade00000, 0x00000000adf00000|  0%| F|  |TAMS 0x00000000ade00000, 0x00000000ade00000| Untracked 
| 157|0x00000000adf00000, 0x00000000adf00000, 0x00000000ae000000|  0%| F|  |TAMS 0x00000000adf00000, 0x00000000adf00000| Untracked 
| 158|0x00000000ae000000, 0x00000000ae000000, 0x00000000ae100000|  0%| F|  |TAMS 0x00000000ae000000, 0x00000000ae000000| Untracked 
| 159|0x00000000ae100000, 0x00000000ae100000, 0x00000000ae200000|  0%| F|  |TAMS 0x00000000ae100000, 0x00000000ae100000| Untracked 
| 160|0x00000000ae200000, 0x00000000ae200000, 0x00000000ae300000|  0%| F|  |TAMS 0x00000000ae200000, 0x00000000ae200000| Untracked 
| 161|0x00000000ae300000, 0x00000000ae300000, 0x00000000ae400000|  0%| F|  |TAMS 0x00000000ae300000, 0x00000000ae300000| Untracked 
| 162|0x00000000ae400000, 0x00000000ae400000, 0x00000000ae500000|  0%| F|  |TAMS 0x00000000ae400000, 0x00000000ae400000| Untracked 
| 163|0x00000000ae500000, 0x00000000ae500000, 0x00000000ae600000|  0%| F|  |TAMS 0x00000000ae500000, 0x00000000ae500000| Untracked 
| 164|0x00000000ae600000, 0x00000000ae600000, 0x00000000ae700000|  0%| F|  |TAMS 0x00000000ae600000, 0x00000000ae600000| Untracked 
| 165|0x00000000ae700000, 0x00000000ae700000, 0x00000000ae800000|  0%| F|  |TAMS 0x00000000ae700000, 0x00000000ae700000| Untracked 
| 166|0x00000000ae800000, 0x00000000ae800000, 0x00000000ae900000|  0%| F|  |TAMS 0x00000000ae800000, 0x00000000ae800000| Untracked 
| 167|0x00000000ae900000, 0x00000000ae900000, 0x00000000aea00000|  0%| F|  |TAMS 0x00000000ae900000, 0x00000000ae900000| Untracked 
| 168|0x00000000aea00000, 0x00000000aea00000, 0x00000000aeb00000|  0%| F|  |TAMS 0x00000000aea00000, 0x00000000aea00000| Untracked 
| 169|0x00000000aeb00000, 0x00000000aeb00000, 0x00000000aec00000|  0%| F|  |TAMS 0x00000000aeb00000, 0x00000000aeb00000| Untracked 
| 170|0x00000000aec00000, 0x00000000aec00000, 0x00000000aed00000|  0%| F|  |TAMS 0x00000000aec00000, 0x00000000aec00000| Untracked 
| 171|0x00000000aed00000, 0x00000000aed00000, 0x00000000aee00000|  0%| F|  |TAMS 0x00000000aed00000, 0x00000000aed00000| Untracked 
| 172|0x00000000aee00000, 0x00000000aee00000, 0x00000000aef00000|  0%| F|  |TAMS 0x00000000aee00000, 0x00000000aee00000| Untracked 
| 173|0x00000000aef00000, 0x00000000aef00000, 0x00000000af000000|  0%| F|  |TAMS 0x00000000aef00000, 0x00000000aef00000| Untracked 
| 174|0x00000000af000000, 0x00000000af000000, 0x00000000af100000|  0%| F|  |TAMS 0x00000000af000000, 0x00000000af000000| Untracked 
| 175|0x00000000af100000, 0x00000000af100000, 0x00000000af200000|  0%| F|  |TAMS 0x00000000af100000, 0x00000000af100000| Untracked 
| 176|0x00000000af200000, 0x00000000af200000, 0x00000000af300000|  0%| F|  |TAMS 0x00000000af200000, 0x00000000af200000| Untracked 
| 177|0x00000000af300000, 0x00000000af300000, 0x00000000af400000|  0%| F|  |TAMS 0x00000000af300000, 0x00000000af300000| Untracked 
| 178|0x00000000af400000, 0x00000000af400000, 0x00000000af500000|  0%| F|  |TAMS 0x00000000af400000, 0x00000000af400000| Untracked 
| 179|0x00000000af500000, 0x00000000af500000, 0x00000000af600000|  0%| F|  |TAMS 0x00000000af500000, 0x00000000af500000| Untracked 
| 180|0x00000000af600000, 0x00000000af600000, 0x00000000af700000|  0%| F|  |TAMS 0x00000000af600000, 0x00000000af600000| Untracked 
| 181|0x00000000af700000, 0x00000000af700000, 0x00000000af800000|  0%| F|  |TAMS 0x00000000af700000, 0x00000000af700000| Untracked 
| 182|0x00000000af800000, 0x00000000af800000, 0x00000000af900000|  0%| F|  |TAMS 0x00000000af800000, 0x00000000af800000| Untracked 
| 183|0x00000000af900000, 0x00000000af900000, 0x00000000afa00000|  0%| F|  |TAMS 0x00000000af900000, 0x00000000af900000| Untracked 
| 184|0x00000000afa00000, 0x00000000afa00000, 0x00000000afb00000|  0%| F|  |TAMS 0x00000000afa00000, 0x00000000afa00000| Untracked 
| 185|0x00000000afb00000, 0x00000000afb00000, 0x00000000afc00000|  0%| F|  |TAMS 0x00000000afb00000, 0x00000000afb00000| Untracked 
| 186|0x00000000afc00000, 0x00000000afc00000, 0x00000000afd00000|  0%| F|  |TAMS 0x00000000afc00000, 0x00000000afc00000| Untracked 
| 187|0x00000000afd00000, 0x00000000afd00000, 0x00000000afe00000|  0%| F|  |TAMS 0x00000000afd00000, 0x00000000afd00000| Untracked 
| 188|0x00000000afe00000, 0x00000000afe00000, 0x00000000aff00000|  0%| F|  |TAMS 0x00000000afe00000, 0x00000000afe00000| Untracked 
| 189|0x00000000aff00000, 0x00000000aff00000, 0x00000000b0000000|  0%| F|  |TAMS 0x00000000aff00000, 0x00000000aff00000| Untracked 
| 190|0x00000000b0000000, 0x00000000b0000000, 0x00000000b0100000|  0%| F|  |TAMS 0x00000000b0000000, 0x00000000b0000000| Untracked 
| 191|0x00000000b0100000, 0x00000000b0100000, 0x00000000b0200000|  0%| F|  |TAMS 0x00000000b0100000, 0x00000000b0100000| Untracked 
| 192|0x00000000b0200000, 0x00000000b0200000, 0x00000000b0300000|  0%| F|  |TAMS 0x00000000b0200000, 0x00000000b0200000| Untracked 
| 193|0x00000000b0300000, 0x00000000b0300000, 0x00000000b0400000|  0%| F|  |TAMS 0x00000000b0300000, 0x00000000b0300000| Untracked 
| 194|0x00000000b0400000, 0x00000000b0400000, 0x00000000b0500000|  0%| F|  |TAMS 0x00000000b0400000, 0x00000000b0400000| Untracked 
| 195|0x00000000b0500000, 0x00000000b0500000, 0x00000000b0600000|  0%| F|  |TAMS 0x00000000b0500000, 0x00000000b0500000| Untracked 
| 196|0x00000000b0600000, 0x00000000b0600000, 0x00000000b0700000|  0%| F|  |TAMS 0x00000000b0600000, 0x00000000b0600000| Untracked 
| 197|0x00000000b0700000, 0x00000000b0700000, 0x00000000b0800000|  0%| F|  |TAMS 0x00000000b0700000, 0x00000000b0700000| Untracked 
| 198|0x00000000b0800000, 0x00000000b0800000, 0x00000000b0900000|  0%| F|  |TAMS 0x00000000b0800000, 0x00000000b0800000| Untracked 
| 199|0x00000000b0900000, 0x00000000b0900000, 0x00000000b0a00000|  0%| F|  |TAMS 0x00000000b0900000, 0x00000000b0900000| Untracked 
| 200|0x00000000b0a00000, 0x00000000b0a00000, 0x00000000b0b00000|  0%| F|  |TAMS 0x00000000b0a00000, 0x00000000b0a00000| Untracked 
| 201|0x00000000b0b00000, 0x00000000b0b00000, 0x00000000b0c00000|  0%| F|  |TAMS 0x00000000b0b00000, 0x00000000b0b00000| Untracked 
| 202|0x00000000b0c00000, 0x00000000b0c00000, 0x00000000b0d00000|  0%| F|  |TAMS 0x00000000b0c00000, 0x00000000b0c00000| Untracked 
| 203|0x00000000b0d00000, 0x00000000b0d00000, 0x00000000b0e00000|  0%| F|  |TAMS 0x00000000b0d00000, 0x00000000b0d00000| Untracked 
| 204|0x00000000b0e00000, 0x00000000b0e00000, 0x00000000b0f00000|  0%| F|  |TAMS 0x00000000b0e00000, 0x00000000b0e00000| Untracked 
| 205|0x00000000b0f00000, 0x00000000b0f00000, 0x00000000b1000000|  0%| F|  |TAMS 0x00000000b0f00000, 0x00000000b0f00000| Untracked 
| 206|0x00000000b1000000, 0x00000000b1000000, 0x00000000b1100000|  0%| F|  |TAMS 0x00000000b1000000, 0x00000000b1000000| Untracked 
| 207|0x00000000b1100000, 0x00000000b1100000, 0x00000000b1200000|  0%| F|  |TAMS 0x00000000b1100000, 0x00000000b1100000| Untracked 
| 208|0x00000000b1200000, 0x00000000b1200000, 0x00000000b1300000|  0%| F|  |TAMS 0x00000000b1200000, 0x00000000b1200000| Untracked 
| 209|0x00000000b1300000, 0x00000000b1300000, 0x00000000b1400000|  0%| F|  |TAMS 0x00000000b1300000, 0x00000000b1300000| Untracked 
| 210|0x00000000b1400000, 0x00000000b1400000, 0x00000000b1500000|  0%| F|  |TAMS 0x00000000b1400000, 0x00000000b1400000| Untracked 
| 211|0x00000000b1500000, 0x00000000b1500000, 0x00000000b1600000|  0%| F|  |TAMS 0x00000000b1500000, 0x00000000b1500000| Untracked 
| 212|0x00000000b1600000, 0x00000000b1600000, 0x00000000b1700000|  0%| F|  |TAMS 0x00000000b1600000, 0x00000000b1600000| Untracked 
| 213|0x00000000b1700000, 0x00000000b1700000, 0x00000000b1800000|  0%| F|  |TAMS 0x00000000b1700000, 0x00000000b1700000| Untracked 
| 214|0x00000000b1800000, 0x00000000b1800000, 0x00000000b1900000|  0%| F|  |TAMS 0x00000000b1800000, 0x00000000b1800000| Untracked 
| 215|0x00000000b1900000, 0x00000000b1900000, 0x00000000b1a00000|  0%| F|  |TAMS 0x00000000b1900000, 0x00000000b1900000| Untracked 
| 216|0x00000000b1a00000, 0x00000000b1a00000, 0x00000000b1b00000|  0%| F|  |TAMS 0x00000000b1a00000, 0x00000000b1a00000| Untracked 
| 217|0x00000000b1b00000, 0x00000000b1b00000, 0x00000000b1c00000|  0%| F|  |TAMS 0x00000000b1b00000, 0x00000000b1b00000| Untracked 

Card table byte_map: [0x00000218c8c10000,0x00000218c8ef0000] _byte_map_base: 0x00000218c86ef000

Marking Bits (Prev, Next): (CMBitMap*) 0x00000218afeffcd0, (CMBitMap*) 0x00000218afeffc90
 Prev Bits: [0x00000218ca8d0000, 0x00000218cbfc8000)
 Next Bits: [0x00000218c91d0000, 0x00000218ca8c8000)

Polling page: 0x00000218aff70000

Metaspace:

Usage:
  Non-class:     84.15 MB used.
      Class:     12.42 MB used.
       Both:     96.57 MB used.

Virtual space:
  Non-class space:       88.00 MB reserved,      84.50 MB ( 96%) committed,  11 nodes.
      Class space:        1.00 GB reserved,      12.88 MB (  1%) committed,  1 nodes.
             Both:        1.09 GB reserved,      97.38 MB (  9%) committed. 

Chunk freelists:
   Non-Class:  2.89 MB
       Class:  3.13 MB
        Both:  6.02 MB

MaxMetaspaceSize: unlimited
CompressedClassSpaceSize: 1.00 GB
Initial GC threshold: 21.00 MB
Current GC threshold: 161.69 MB
CDS: on
MetaspaceReclaimPolicy: balanced
 - commit_granule_bytes: 65536.
 - commit_granule_words: 8192.
 - virtual_space_node_default_size: 1048576.
 - enlarge_chunks_in_place: 1.
 - new_chunks_are_fully_committed: 0.
 - uncommit_free_chunks: 1.
 - use_allocation_guard: 0.
 - handle_deallocations: 1.


Internal statistics:

num_allocs_failed_limit: 9.
num_arena_births: 1416.
num_arena_deaths: 362.
num_vsnodes_births: 12.
num_vsnodes_deaths: 0.
num_space_committed: 1558.
num_space_uncommitted: 0.
num_chunks_returned_to_freelist: 432.
num_chunks_taken_from_freelist: 5309.
num_chunk_merges: 153.
num_chunk_splits: 3546.
num_chunks_enlarged: 2596.
num_purges: 2.
num_inconsistent_stats: 0.

CodeHeap 'non-profiled nmethods': size=120000Kb used=11313Kb max_used=11313Kb free=108686Kb
 bounds [0x00000218c09a0000, 0x00000218c14b0000, 0x00000218c7ed0000]
CodeHeap 'profiled nmethods': size=120000Kb used=30525Kb max_used=30525Kb free=89474Kb
 bounds [0x00000218b9470000, 0x00000218bb250000, 0x00000218c09a0000]
CodeHeap 'non-nmethods': size=5760Kb used=1441Kb max_used=1496Kb free=4318Kb
 bounds [0x00000218b8ed0000, 0x00000218b9140000, 0x00000218b9470000]
 total_blobs=16470 nmethods=15697 adapters=682
 compilation: enabled
              stopped_count=0, restarted_count=0
 full_count=0

Compilation events (20 events):
Event: 2374.135 Thread 0x00000218cea34320 nmethod 19150 0x00000218bb23af10 code [0x00000218bb23b0a0, 0x00000218bb23b1e8]
Event: 2374.135 Thread 0x00000218cea34320 19151       3       java.util.concurrent.locks.AbstractQueuedSynchronizer::acquireSharedInterruptibly (36 bytes)
Event: 2374.141 Thread 0x00000218cea34320 nmethod 19151 0x00000218bb23b290 code [0x00000218bb23b480, 0x00000218bb23b958]
Event: 2374.141 Thread 0x00000218cea34320 19152       3       org.apache.tomcat.util.net.NioChannel::<init> (20 bytes)
Event: 2374.152 Thread 0x00000218cea34320 nmethod 19152 0x00000218bb23bb10 code [0x00000218bb23bcc0, 0x00000218bb23bef8]
Event: 2374.152 Thread 0x00000218cea34320 19153       3       sun.nio.ch.DummySocketImpl::create (8 bytes)
Event: 2374.158 Thread 0x00000218cea34320 nmethod 19153 0x00000218bb23bf90 code [0x00000218bb23c140, 0x00000218bb23c3b8]
Event: 2374.191 Thread 0x00000218cea31560 19154   !   4       sun.nio.fs.WindowsPath::getPathForWin32Calls (135 bytes)
Event: 2374.209 Thread 0x00000218cea31560 nmethod 19154 0x00000218c14a8910 code [0x00000218c14a8aa0, 0x00000218c14a8b98]
Event: 2374.213 Thread 0x00000218cea31560 19155       4       org.hibernate.sql.results.graph.entity.AbstractEntityInitializer::resolveEntityInstance (470 bytes)
Event: 2374.313 Thread 0x00000218cea34320 19157       1       org.hibernate.loader.ast.internal.AbstractCollectionBatchLoader::getDomainBatchSize (5 bytes)
Event: 2374.318 Thread 0x00000218cea34320 nmethod 19157 0x00000218c14a8d10 code [0x00000218c14a8ea0, 0x00000218c14a8f78]
Event: 2374.421 Thread 0x00000218cea34320 19159       3       org.springframework.core.annotation.SynthesizedMergedAnnotationInvocationHandler::getAttributeValue (46 bytes)
Event: 2374.485 Thread 0x00000218cea34320 nmethod 19159 0x00000218bb23c510 code [0x00000218bb23c760, 0x00000218bb23cf88]
Event: 2374.485 Thread 0x00000218cea34320 19160       3       org.hibernate.internal.SessionImpl::fireLoadNoChecks (24 bytes)
Event: 2374.508 Thread 0x00000218cea34320 nmethod 19160 0x00000218bb23d290 code [0x00000218bb23d460, 0x00000218bb23d858]
Event: 2374.538 Thread 0x00000218cea34320 19161   !   3       com.fasterxml.jackson.core.io.JsonStringEncoder::quoteAsString (336 bytes)
Event: 2374.564 Thread 0x00000218cea34320 nmethod 19161 0x00000218bb23da10 code [0x00000218bb23de20, 0x00000218bb240278]
Event: 2374.565 Thread 0x00000218cea34320 19162       3       org.springframework.messaging.converter.AbstractMessageConverter::getSupportedMimeTypes (8 bytes)
Event: 2374.569 Thread 0x00000218cea34320 nmethod 19162 0x00000218bb241210 code [0x00000218bb2413a0, 0x00000218bb2414e8]

GC Heap History (20 events):
Event: 966.097 GC heap after
{Heap after GC invocations=49 (full 0):
 garbage-first heap   total 222208K, used 61695K [0x00000000a4200000, 0x0000000100000000)
  region size 1024K, 2 young (2048K), 2 survivors (2048K)
 Metaspace       used 97227K, committed 98048K, reserved 1138688K
  class space    used 12727K, committed 13120K, reserved 1048576K
}
Event: 1032.557 GC heap before
{Heap before GC invocations=49 (full 0):
 garbage-first heap   total 222208K, used 189695K [0x00000000a4200000, 0x0000000100000000)
  region size 1024K, 128 young (131072K), 2 survivors (2048K)
 Metaspace       used 97616K, committed 98432K, reserved 1138688K
  class space    used 12730K, committed 13120K, reserved 1048576K
}
Event: 1032.648 GC heap after
{Heap after GC invocations=50 (full 0):
 garbage-first heap   total 222208K, used 62149K [0x00000000a4200000, 0x0000000100000000)
  region size 1024K, 2 young (2048K), 2 survivors (2048K)
 Metaspace       used 97616K, committed 98432K, reserved 1138688K
  class space    used 12730K, committed 13120K, reserved 1048576K
}
Event: 1133.470 GC heap before
{Heap before GC invocations=51 (full 0):
 garbage-first heap   total 222208K, used 193221K [0x00000000a4200000, 0x0000000100000000)
  region size 1024K, 130 young (133120K), 2 survivors (2048K)
 Metaspace       used 98145K, committed 99008K, reserved 1138688K
  class space    used 12768K, committed 13184K, reserved 1048576K
}
Event: 1133.532 GC heap after
{Heap after GC invocations=52 (full 0):
 garbage-first heap   total 222208K, used 62746K [0x00000000a4200000, 0x0000000100000000)
  region size 1024K, 3 young (3072K), 3 survivors (3072K)
 Metaspace       used 98145K, committed 99008K, reserved 1138688K
  class space    used 12768K, committed 13184K, reserved 1048576K
}
Event: 1133.657 GC heap before
{Heap before GC invocations=52 (full 0):
 garbage-first heap   total 222208K, used 69914K [0x00000000a4200000, 0x0000000100000000)
  region size 1024K, 10 young (10240K), 3 survivors (3072K)
 Metaspace       used 98150K, committed 99008K, reserved 1138688K
  class space    used 12768K, committed 13184K, reserved 1048576K
}
Event: 1133.696 GC heap after
{Heap after GC invocations=53 (full 0):
 garbage-first heap   total 222208K, used 62429K [0x00000000a4200000, 0x0000000100000000)
  region size 1024K, 1 young (1024K), 1 survivors (1024K)
 Metaspace       used 98150K, committed 99008K, reserved 1138688K
  class space    used 12768K, committed 13184K, reserved 1048576K
}
Event: 1859.729 GC heap before
{Heap before GC invocations=53 (full 0):
 garbage-first heap   total 222208K, used 191453K [0x00000000a4200000, 0x0000000100000000)
  region size 1024K, 128 young (131072K), 1 survivors (1024K)
 Metaspace       used 98455K, committed 99328K, reserved 1138688K
  class space    used 12772K, committed 13184K, reserved 1048576K
}
Event: 1859.801 GC heap after
{Heap after GC invocations=54 (full 0):
 garbage-first heap   total 222208K, used 63558K [0x00000000a4200000, 0x0000000100000000)
  region size 1024K, 2 young (2048K), 2 survivors (2048K)
 Metaspace       used 98455K, committed 99328K, reserved 1138688K
  class space    used 12772K, committed 13184K, reserved 1048576K
}
Event: 2036.902 GC heap before
{Heap before GC invocations=55 (full 0):
 garbage-first heap   total 222208K, used 191558K [0x00000000a4200000, 0x0000000100000000)
  region size 1024K, 128 young (131072K), 2 survivors (2048K)
 Metaspace       used 98239K, committed 99328K, reserved 1138688K
  class space    used 12689K, committed 13184K, reserved 1048576K
}
Event: 2036.950 GC heap after
{Heap after GC invocations=56 (full 0):
 garbage-first heap   total 222208K, used 63541K [0x00000000a4200000, 0x0000000100000000)
  region size 1024K, 2 young (2048K), 2 survivors (2048K)
 Metaspace       used 98239K, committed 99328K, reserved 1138688K
  class space    used 12689K, committed 13184K, reserved 1048576K
}
Event: 2040.424 GC heap before
{Heap before GC invocations=56 (full 0):
 garbage-first heap   total 222208K, used 71733K [0x00000000a4200000, 0x0000000100000000)
  region size 1024K, 10 young (10240K), 2 survivors (2048K)
 Metaspace       used 98249K, committed 99328K, reserved 1138688K
  class space    used 12689K, committed 13184K, reserved 1048576K
}
Event: 2040.493 GC heap after
{Heap after GC invocations=57 (full 0):
 garbage-first heap   total 222208K, used 62297K [0x00000000a4200000, 0x0000000100000000)
  region size 1024K, 1 young (1024K), 1 survivors (1024K)
 Metaspace       used 98249K, committed 99328K, reserved 1138688K
  class space    used 12689K, committed 13184K, reserved 1048576K
}
Event: 2070.628 GC heap before
{Heap before GC invocations=57 (full 0):
 garbage-first heap   total 222208K, used 193369K [0x00000000a4200000, 0x0000000100000000)
  region size 1024K, 129 young (132096K), 1 survivors (1024K)
 Metaspace       used 98474K, committed 99392K, reserved 1138688K
  class space    used 12691K, committed 13184K, reserved 1048576K
}
Event: 2070.650 GC heap after
{Heap after GC invocations=58 (full 0):
 garbage-first heap   total 222208K, used 62236K [0x00000000a4200000, 0x0000000100000000)
  region size 1024K, 1 young (1024K), 1 survivors (1024K)
 Metaspace       used 98474K, committed 99392K, reserved 1138688K
  class space    used 12691K, committed 13184K, reserved 1048576K
}
Event: 2223.894 GC heap before
{Heap before GC invocations=59 (full 0):
 garbage-first heap   total 222208K, used 193308K [0x00000000a4200000, 0x0000000100000000)
  region size 1024K, 130 young (133120K), 1 survivors (1024K)
 Metaspace       used 98638K, committed 99520K, reserved 1138688K
  class space    used 12692K, committed 13184K, reserved 1048576K
}
Event: 2223.958 GC heap after
{Heap after GC invocations=60 (full 0):
 garbage-first heap   total 222208K, used 62210K [0x00000000a4200000, 0x0000000100000000)
  region size 1024K, 1 young (1024K), 1 survivors (1024K)
 Metaspace       used 98638K, committed 99520K, reserved 1138688K
  class space    used 12692K, committed 13184K, reserved 1048576K
}
Event: 2224.096 GC heap before
{Heap before GC invocations=60 (full 0):
 garbage-first heap   total 222208K, used 71426K [0x00000000a4200000, 0x0000000100000000)
  region size 1024K, 10 young (10240K), 1 survivors (1024K)
 Metaspace       used 98639K, committed 99520K, reserved 1138688K
  class space    used 12692K, committed 13184K, reserved 1048576K
}
Event: 2224.203 GC heap after
{Heap after GC invocations=61 (full 0):
 garbage-first heap   total 222208K, used 60941K [0x00000000a4200000, 0x0000000100000000)
  region size 1024K, 1 young (1024K), 1 survivors (1024K)
 Metaspace       used 98639K, committed 99520K, reserved 1138688K
  class space    used 12692K, committed 13184K, reserved 1048576K
}
Event: 2374.654 GC heap before
{Heap before GC invocations=61 (full 0):
 garbage-first heap   total 222208K, used 192013K [0x00000000a4200000, 0x0000000100000000)
  region size 1024K, 130 young (133120K), 1 survivors (1024K)
 Metaspace       used 98884K, committed 99712K, reserved 1138688K
  class space    used 12713K, committed 13184K, reserved 1048576K
}

Deoptimization events (20 events):
Event: 2292.884 Thread 0x00000218d228faf0 DEOPT PACKING pc=0x00000218c0fbcbb4 sp=0x000000395eff7cf0
Event: 2292.884 Thread 0x00000218d228faf0 DEOPT UNPACKING pc=0x00000218b8f223a3 sp=0x000000395eff7c70 mode 2
Event: 2292.884 Thread 0x00000218d228faf0 Uncommon trap: trap_request=0xffffffc6 fr.pc=0x00000218c0fbcbb4 relative=0x0000000000000094
Event: 2292.884 Thread 0x00000218d228faf0 Uncommon trap: reason=bimorphic_or_optimized_type_check action=maybe_recompile pc=0x00000218c0fbcbb4 method=org.hibernate.sql.exec.spi.ExecutionContext.hasCallbackActions()Z @ 1 c2
Event: 2292.884 Thread 0x00000218d228faf0 DEOPT PACKING pc=0x00000218c0fbcbb4 sp=0x000000395eff7cf0
Event: 2292.884 Thread 0x00000218d228faf0 DEOPT UNPACKING pc=0x00000218b8f223a3 sp=0x000000395eff7c70 mode 2
Event: 2292.975 Thread 0x00000218d228faf0 Uncommon trap: trap_request=0xffffff45 fr.pc=0x00000218c12f7154 relative=0x0000000000001394
Event: 2292.975 Thread 0x00000218d228faf0 Uncommon trap: reason=unstable_if action=reinterpret pc=0x00000218c12f7154 method=com.fasterxml.jackson.databind.ser.impl.PropertySerializerMap$Single.serializerFor(Ljava/lang/Class;)Lcom/fasterxml/jackson/databind/JsonSerializer; @ 5 c2
Event: 2292.975 Thread 0x00000218d228faf0 DEOPT PACKING pc=0x00000218c12f7154 sp=0x000000395effa290
Event: 2292.975 Thread 0x00000218d228faf0 DEOPT UNPACKING pc=0x00000218b8f223a3 sp=0x000000395effa200 mode 2
Event: 2293.055 Thread 0x00000218d2290490 Uncommon trap: trap_request=0xffffff45 fr.pc=0x00000218c123a378 relative=0x00000000000022f8
Event: 2293.056 Thread 0x00000218d2290490 Uncommon trap: reason=unstable_if action=reinterpret pc=0x00000218c123a378 method=org.hibernate.sql.results.graph.entity.AbstractEntityInitializer.getEntityFromExecutionContext(Lorg/hibernate/sql/results/jdbc/spi/RowProcessingState;)Ljava/lang/Object; @ 4
Event: 2293.057 Thread 0x00000218d2290490 DEOPT PACKING pc=0x00000218c123a378 sp=0x000000395f0f7e80
Event: 2293.057 Thread 0x00000218d2290490 DEOPT UNPACKING pc=0x00000218b8f223a3 sp=0x000000395f0f7e10 mode 2
Event: 2295.811 Thread 0x00000218d6955db0 Uncommon trap: trap_request=0xfffffff4 fr.pc=0x00000218c0b10268 relative=0x00000000000005a8
Event: 2295.811 Thread 0x00000218d6955db0 Uncommon trap: reason=null_check action=make_not_entrant pc=0x00000218c0b10268 method=java.lang.Class.reflectionData()Ljava/lang/Class$ReflectionData; @ 18 c2
Event: 2295.811 Thread 0x00000218d6955db0 DEOPT PACKING pc=0x00000218c0b10268 sp=0x00000039600fe3a0
Event: 2295.811 Thread 0x00000218d6955db0 DEOPT UNPACKING pc=0x00000218b8f223a3 sp=0x00000039600fe290 mode 2
Event: 2296.505 Thread 0x00000218d02697d0 DEOPT PACKING pc=0x00000218bae37ef6 sp=0x00000039604fe4a0
Event: 2296.505 Thread 0x00000218d02697d0 DEOPT UNPACKING pc=0x00000218b8f22b43 sp=0x00000039604fd970 mode 0

Classes unloaded (20 events):
Event: 1860.391 Thread 0x00000218cea07c60 Unloading class 0x0000000800d20400 'java/lang/invoke/LambdaForm$DMH+0x0000000800d20400'
Event: 1860.391 Thread 0x00000218cea07c60 Unloading class 0x0000000800d0dc00 'java/lang/invoke/LambdaForm$MH+0x0000000800d0dc00'
Event: 1860.391 Thread 0x00000218cea07c60 Unloading class 0x0000000800d0d800 'java/lang/invoke/LambdaForm$MH+0x0000000800d0d800'
Event: 1860.391 Thread 0x00000218cea07c60 Unloading class 0x0000000800d0d400 'java/lang/invoke/LambdaForm$MH+0x0000000800d0d400'
Event: 1860.391 Thread 0x00000218cea07c60 Unloading class 0x0000000800d0d000 'java/lang/invoke/LambdaForm$MH+0x0000000800d0d000'
Event: 1860.391 Thread 0x00000218cea07c60 Unloading class 0x0000000800d0cc00 'java/lang/invoke/LambdaForm$MH+0x0000000800d0cc00'
Event: 1860.391 Thread 0x00000218cea07c60 Unloading class 0x0000000800d0c800 'java/lang/invoke/LambdaForm$MH+0x0000000800d0c800'
Event: 1860.391 Thread 0x00000218cea07c60 Unloading class 0x0000000800d0c400 'java/lang/invoke/LambdaForm$MH+0x0000000800d0c400'
Event: 1860.391 Thread 0x00000218cea07c60 Unloading class 0x0000000800d0c000 'java/lang/invoke/LambdaForm$MH+0x0000000800d0c000'
Event: 1860.391 Thread 0x00000218cea07c60 Unloading class 0x0000000800c18c00 'java/lang/invoke/LambdaForm$MH+0x0000000800c18c00'
Event: 1860.391 Thread 0x00000218cea07c60 Unloading class 0x0000000800c18800 'java/lang/invoke/LambdaForm$MH+0x0000000800c18800'
Event: 1860.391 Thread 0x00000218cea07c60 Unloading class 0x0000000800c18000 'java/lang/invoke/LambdaForm$MH+0x0000000800c18000'
Event: 1860.391 Thread 0x00000218cea07c60 Unloading class 0x0000000800c16c00 'java/lang/invoke/LambdaForm$MH+0x0000000800c16c00'
Event: 1860.392 Thread 0x00000218cea07c60 Unloading class 0x0000000800c16400 'java/lang/invoke/LambdaForm$MH+0x0000000800c16400'
Event: 1860.392 Thread 0x00000218cea07c60 Unloading class 0x0000000800c16000 'java/lang/invoke/LambdaForm$MH+0x0000000800c16000'
Event: 1860.392 Thread 0x00000218cea07c60 Unloading class 0x0000000800c15c00 'java/lang/invoke/LambdaForm$MH+0x0000000800c15c00'
Event: 1860.392 Thread 0x00000218cea07c60 Unloading class 0x0000000800c15800 'java/lang/invoke/LambdaForm$MH+0x0000000800c15800'
Event: 1860.392 Thread 0x00000218cea07c60 Unloading class 0x0000000800c15400 'java/lang/invoke/LambdaForm$MH+0x0000000800c15400'
Event: 1860.392 Thread 0x00000218cea07c60 Unloading class 0x0000000800c14c00 'java/lang/invoke/LambdaForm$MH+0x0000000800c14c00'
Event: 1860.392 Thread 0x00000218cea07c60 Unloading class 0x0000000800c14400 'java/lang/invoke/LambdaForm$MH+0x0000000800c14400'

Classes redefined (0 events):
No events

Internal exceptions (20 events):
Event: 1980.804 Thread 0x00000218d228faf0 Exception <a 'java/io/IOException'{0x00000000ae85ac08}> (0x00000000ae85ac08) 
thrown [t:\workspace\open\src\hotspot\share\prims\jni.cpp, line 516]
Event: 1980.834 Thread 0x00000218d665a200 Exception <a 'java/io/IOException'{0x00000000ae92e880}> (0x00000000ae92e880) 
thrown [t:\workspace\open\src\hotspot\share\prims\jni.cpp, line 516]
Event: 1980.877 Thread 0x00000218d66589f0 Exception <a 'java/io/IOException'{0x00000000ae87b550}> (0x00000000ae87b550) 
thrown [t:\workspace\open\src\hotspot\share\prims\jni.cpp, line 516]
Event: 1980.877 Thread 0x00000218d228e2e0 Exception <a 'java/io/IOException'{0x00000000aed83fb8}> (0x00000000aed83fb8) 
thrown [t:\workspace\open\src\hotspot\share\prims\jni.cpp, line 516]
Event: 1980.882 Thread 0x00000218d2290490 Exception <a 'java/io/IOException'{0x00000000ae707680}> (0x00000000ae707680) 
thrown [t:\workspace\open\src\hotspot\share\prims\jni.cpp, line 516]
Event: 1981.045 Thread 0x00000218d2290960 Exception <a 'java/io/IOException'{0x00000000ae8191c0}> (0x00000000ae8191c0) 
thrown [t:\workspace\open\src\hotspot\share\prims\jni.cpp, line 516]
Event: 2035.895 Thread 0x00000218cf44e0c0 Implicit null exception at 0x00000218c13e2452 to 0x00000218c13eb738
Event: 2051.323 Thread 0x00000218d228f620 Implicit null exception at 0x00000218c0c51f1f to 0x00000218c0c59afc
Event: 2264.917 Thread 0x00000218d2290490 Implicit null exception at 0x00000218c132abb7 to 0x00000218c132b2b4
Event: 2264.961 Thread 0x00000218d2290490 Implicit null exception at 0x00000218c0fd2acb to 0x00000218c0fd80dc
Event: 2265.003 Thread 0x00000218d2290490 Implicit null exception at 0x00000218c11b1e38 to 0x00000218c11b2888
Event: 2265.014 Thread 0x00000218d2290490 Implicit null exception at 0x00000218c1406775 to 0x00000218c1408cc0
Event: 2265.014 Thread 0x00000218d2290490 Implicit null exception at 0x00000218c141f624 to 0x00000218c142560c
Event: 2265.232 Thread 0x00000218d2290490 Implicit null exception at 0x00000218c13a134f to 0x00000218c13a1438
Event: 2265.353 Thread 0x00000218d2290490 Implicit null exception at 0x00000218c1330753 to 0x00000218c1330e20
Event: 2265.372 Thread 0x00000218d2290490 Implicit null exception at 0x00000218c128fd68 to 0x00000218c12928e0
Event: 2291.899 Thread 0x00000218d228de10 Implicit null exception at 0x00000218c0d58df2 to 0x00000218c0d599a0
Event: 2291.906 Thread 0x00000218d228de10 Implicit null exception at 0x00000218c0c6b1b8 to 0x00000218c0c6b834
Event: 2292.423 Thread 0x00000218d228faf0 Implicit null exception at 0x00000218c1473c36 to 0x00000218c14745a8
Event: 2295.811 Thread 0x00000218d6955db0 Implicit null exception at 0x00000218c0b0fd11 to 0x00000218c0b10250

VM Operations (20 events):
Event: 2283.729 Executing VM operation: Cleanup done
Event: 2292.794 Executing VM operation: Cleanup
Event: 2292.841 Executing VM operation: Cleanup done
Event: 2292.841 Executing VM operation: HandshakeAllThreads
Event: 2292.841 Executing VM operation: HandshakeAllThreads done
Event: 2293.852 Executing VM operation: Cleanup
Event: 2293.852 Executing VM operation: Cleanup done
Event: 2295.866 Executing VM operation: Cleanup
Event: 2295.866 Executing VM operation: Cleanup done
Event: 2319.042 Executing VM operation: Cleanup
Event: 2319.042 Executing VM operation: Cleanup done
Event: 2320.052 Executing VM operation: Cleanup
Event: 2320.053 Executing VM operation: Cleanup done
Event: 2370.385 Executing VM operation: Cleanup
Event: 2370.393 Executing VM operation: Cleanup done
Event: 2371.395 Executing VM operation: Cleanup
Event: 2371.397 Executing VM operation: Cleanup done
Event: 2374.432 Executing VM operation: Cleanup
Event: 2374.448 Executing VM operation: Cleanup done
Event: 2374.643 Executing VM operation: G1CollectForAllocation

Events (20 events):
Event: 2057.577 Thread 0x00000218cea34c20 flushing nmethod 0x00000218ba6d1590
Event: 2057.577 Thread 0x00000218cea34c20 flushing nmethod 0x00000218ba6d6110
Event: 2057.582 Thread 0x00000218cea34c20 flushing nmethod 0x00000218ba725690
Event: 2057.588 Thread 0x00000218cea34c20 flushing nmethod 0x00000218ba7b2290
Event: 2057.636 Thread 0x00000218cea34c20 flushing nmethod 0x00000218ba9d5210
Event: 2057.646 Thread 0x00000218cea34c20 flushing nmethod 0x00000218baaa6c10
Event: 2057.657 Thread 0x00000218cea34c20 flushing nmethod 0x00000218bab78590
Event: 2057.659 Thread 0x00000218cea34c20 flushing nmethod 0x00000218bab92f10
Event: 2057.663 Thread 0x00000218cea34c20 flushing nmethod 0x00000218babef090
Event: 2057.663 Thread 0x00000218cea34c20 flushing nmethod 0x00000218babf0090
Event: 2057.663 Thread 0x00000218cea34c20 flushing nmethod 0x00000218babf3c10
Event: 2057.666 Thread 0x00000218cea34c20 flushing nmethod 0x00000218bac35310
Event: 2057.667 Thread 0x00000218cea34c20 flushing nmethod 0x00000218bac46390
Event: 2057.667 Thread 0x00000218cea34c20 flushing nmethod 0x00000218bac49d10
Event: 2057.673 Thread 0x00000218cea34c20 flushing nmethod 0x00000218bacaa510
Event: 2057.675 Thread 0x00000218cea34c20 flushing nmethod 0x00000218bace1190
Event: 2266.265 loading class java/util/concurrent/ConcurrentLinkedQueue$Itr
Event: 2266.338 loading class java/util/concurrent/ConcurrentLinkedQueue$Itr done
Event: 2372.711 Thread 0x00000218d6ef4810 Thread exited: 0x00000218d6ef4810
Event: 2374.504 Thread 0x00000218d0ce5610 Thread added: 0x00000218d0ce5610


Dynamic libraries:
0x00007ff646400000 - 0x00007ff646410000 	C:\Program Files\Java\jdk-17.0.2\bin\java.exe
0x00007ff905210000 - 0x00007ff905427000 	C:\WINDOWS\SYSTEM32\ntdll.dll
0x00007ff903eb0000 - 0x00007ff903f74000 	C:\WINDOWS\System32\KERNEL32.DLL
0x00007ff902540000 - 0x00007ff9028ec000 	C:\WINDOWS\System32\KERNELBASE.dll
0x00007ff902b00000 - 0x00007ff902c11000 	C:\WINDOWS\System32\ucrtbase.dll
0x00007ff8fad80000 - 0x00007ff8fad98000 	C:\Program Files\Java\jdk-17.0.2\bin\jli.dll
0x00007ff8fbf90000 - 0x00007ff8fbfaa000 	C:\Program Files\Java\jdk-17.0.2\bin\VCRUNTIME140.dll
0x00007ff904470000 - 0x00007ff904522000 	C:\WINDOWS\System32\ADVAPI32.dll
0x00007ff904200000 - 0x00007ff9042a7000 	C:\WINDOWS\System32\msvcrt.dll
0x00007ff905120000 - 0x00007ff9051c8000 	C:\WINDOWS\System32\sechost.dll
0x00007ff902db0000 - 0x00007ff902dd8000 	C:\WINDOWS\System32\bcrypt.dll
0x00007ff904f70000 - 0x00007ff905085000 	C:\WINDOWS\System32\RPCRT4.dll
0x00007ff903a00000 - 0x00007ff903bae000 	C:\WINDOWS\System32\USER32.dll
0x00007ff8e8a80000 - 0x00007ff8e8d13000 	C:\WINDOWS\WinSxS\amd64_microsoft.windows.common-controls_6595b64144ccf1df_6.0.22621.3672_none_2713b9d173822955\COMCTL32.dll
0x00007ff902d80000 - 0x00007ff902da6000 	C:\WINDOWS\System32\win32u.dll
0x00007ff905090000 - 0x00007ff9050b9000 	C:\WINDOWS\System32\GDI32.dll
0x00007ff9029e0000 - 0x00007ff902af9000 	C:\WINDOWS\System32\gdi32full.dll
0x00007ff902c20000 - 0x00007ff902cba000 	C:\WINDOWS\System32\msvcp_win.dll
0x00007ff8f6f90000 - 0x00007ff8f6f9a000 	C:\WINDOWS\SYSTEM32\VERSION.dll
0x00007ff904530000 - 0x00007ff904561000 	C:\WINDOWS\System32\IMM32.DLL
0x00007ff8ff7f0000 - 0x00007ff8ff7fc000 	C:\Program Files\Java\jdk-17.0.2\bin\vcruntime140_1.dll
0x00007ff8f5620000 - 0x00007ff8f56ad000 	C:\Program Files\Java\jdk-17.0.2\bin\msvcp140.dll
0x00007ff8ce480000 - 0x00007ff8cf041000 	C:\Program Files\Java\jdk-17.0.2\bin\server\jvm.dll
0x00007ff904f50000 - 0x00007ff904f58000 	C:\WINDOWS\System32\PSAPI.DLL
0x00007ff8e8650000 - 0x00007ff8e8659000 	C:\WINDOWS\SYSTEM32\WSOCK32.dll
0x00007ff8faf50000 - 0x00007ff8faf84000 	C:\WINDOWS\SYSTEM32\WINMM.dll
0x00007ff903fd0000 - 0x00007ff904041000 	C:\WINDOWS\System32\WS2_32.dll
0x00007ff9014d0000 - 0x00007ff9014e8000 	C:\WINDOWS\SYSTEM32\kernel.appcore.dll
0x00007ff8fda90000 - 0x00007ff8fda9a000 	C:\Program Files\Java\jdk-17.0.2\bin\jimage.dll
0x00007ff8f8ac0000 - 0x00007ff8f8cf2000 	C:\WINDOWS\SYSTEM32\DBGHELP.DLL
0x00007ff9031b0000 - 0x00007ff903538000 	C:\WINDOWS\System32\combase.dll
0x00007ff903c40000 - 0x00007ff903d17000 	C:\WINDOWS\System32\OLEAUT32.dll
0x00007ff8e7b90000 - 0x00007ff8e7bc2000 	C:\WINDOWS\SYSTEM32\dbgcore.DLL
0x00007ff902960000 - 0x00007ff9029db000 	C:\WINDOWS\System32\bcryptPrimitives.dll
0x00007ff8fa100000 - 0x00007ff8fa10e000 	C:\Program Files\Java\jdk-17.0.2\bin\instrument.dll
0x00007ff8f5b30000 - 0x00007ff8f5b55000 	C:\Program Files\Java\jdk-17.0.2\bin\java.dll
0x00007ff8f3400000 - 0x00007ff8f34d6000 	C:\Program Files\Java\jdk-17.0.2\bin\jsvml.dll
0x00007ff9046f0000 - 0x00007ff904f4c000 	C:\WINDOWS\System32\SHELL32.dll
0x00007ff900440000 - 0x00007ff900d37000 	C:\WINDOWS\SYSTEM32\windows.storage.dll
0x00007ff900300000 - 0x00007ff90043f000 	C:\WINDOWS\SYSTEM32\wintypes.dll
0x00007ff9030b0000 - 0x00007ff9031a4000 	C:\WINDOWS\System32\SHCORE.dll
0x00007ff902f50000 - 0x00007ff902fae000 	C:\WINDOWS\System32\shlwapi.dll
0x00007ff902470000 - 0x00007ff902491000 	C:\WINDOWS\SYSTEM32\profapi.dll
0x00007ff8f5b70000 - 0x00007ff8f5b88000 	C:\Program Files\Java\jdk-17.0.2\bin\zip.dll
0x00007ff8f6c40000 - 0x00007ff8f6c59000 	C:\Program Files\Java\jdk-17.0.2\bin\net.dll
0x00007ff8fb7b0000 - 0x00007ff8fb8e6000 	C:\WINDOWS\SYSTEM32\WINHTTP.dll
0x00007ff901990000 - 0x00007ff9019f9000 	C:\WINDOWS\system32\mswsock.dll
0x00007ff8f6c00000 - 0x00007ff8f6c16000 	C:\Program Files\Java\jdk-17.0.2\bin\nio.dll
0x00007ff8f52c0000 - 0x00007ff8f52da000 	C:\Program Files\JetBrains\IntelliJ IDEA Community Edition 2024.1.2\bin\breakgen64.dll
0x00007ff8f52e0000 - 0x00007ff8f52ee000 	C:\Program Files\Java\jdk-17.0.2\bin\sunmscapi.dll
0x00007ff902de0000 - 0x00007ff902f47000 	C:\WINDOWS\System32\CRYPT32.dll
0x00007ff901e00000 - 0x00007ff901e2e000 	C:\WINDOWS\SYSTEM32\ncrypt.dll
0x00007ff901dc0000 - 0x00007ff901df7000 	C:\WINDOWS\SYSTEM32\NTASN1.dll
0x00007ff901ce0000 - 0x00007ff901cfb000 	C:\WINDOWS\SYSTEM32\CRYPTSP.dll
0x00007ff901490000 - 0x00007ff9014c5000 	C:\WINDOWS\system32\rsaenh.dll
0x00007ff901a30000 - 0x00007ff901a58000 	C:\WINDOWS\SYSTEM32\USERENV.dll
0x00007ff901cc0000 - 0x00007ff901ccc000 	C:\WINDOWS\SYSTEM32\CRYPTBASE.dll
0x00007ff900fe0000 - 0x00007ff90100d000 	C:\WINDOWS\SYSTEM32\IPHLPAPI.DLL
0x00007ff9039f0000 - 0x00007ff9039f9000 	C:\WINDOWS\System32\NSI.dll
0x00007ff8fb400000 - 0x00007ff8fb419000 	C:\WINDOWS\SYSTEM32\dhcpcsvc6.DLL
0x00007ff8fb420000 - 0x00007ff8fb43f000 	C:\WINDOWS\SYSTEM32\dhcpcsvc.DLL
0x00007ff901010000 - 0x00007ff901108000 	C:\WINDOWS\SYSTEM32\DNSAPI.dll
0x00007ff8f5610000 - 0x00007ff8f5619000 	C:\Program Files\Java\jdk-17.0.2\bin\management.dll
0x00007ff8f5600000 - 0x00007ff8f560b000 	C:\Program Files\Java\jdk-17.0.2\bin\management_ext.dll
0x00007ff8f51f0000 - 0x00007ff8f5200000 	C:\Program Files\Java\jdk-17.0.2\bin\verify.dll
0x00007ff8f9620000 - 0x00007ff8f962a000 	C:\Windows\System32\rasadhlp.dll
0x00007ff8f75a0000 - 0x00007ff8f7623000 	C:\WINDOWS\System32\fwpuclnt.dll
0x00007ff8e30e0000 - 0x00007ff8e30e8000 	C:\WINDOWS\system32\wshunix.dll
0x00007ff8c6340000 - 0x00007ff8c6357000 	C:\WINDOWS\system32\napinsp.dll
0x00007ff8c6210000 - 0x00007ff8c622b000 	C:\WINDOWS\system32\pnrpnsp.dll
0x00007ff8b4550000 - 0x00007ff8b4561000 	C:\WINDOWS\System32\winrnr.dll
0x00007ff8f78c0000 - 0x00007ff8f78d5000 	C:\WINDOWS\system32\wshbth.dll
0x00007ff8b4520000 - 0x00007ff8b4547000 	C:\WINDOWS\system32\nlansp_c.dll

dbghelp: loaded successfully - version: 4.0.5 - missing functions: none
symbol engine: initialized successfully - sym options: 0x614 - pdb path: .;C:\Program Files\Java\jdk-17.0.2\bin;C:\WINDOWS\SYSTEM32;C:\WINDOWS\WinSxS\amd64_microsoft.windows.common-controls_6595b64144ccf1df_6.0.22621.3672_none_2713b9d173822955;C:\Program Files\Java\jdk-17.0.2\bin\server;C:\Program Files\JetBrains\IntelliJ IDEA Community Edition 2024.1.2\bin

VM Arguments:
jvm_args: -javaagent:C:\Program Files\JetBrains\IntelliJ IDEA Community Edition 2024.1.2\lib\idea_rt.jar=50616:C:\Program Files\JetBrains\IntelliJ IDEA Community Edition 2024.1.2\bin -Dfile.encoding=UTF-8 
java_command: com.ace.AcKnowledgeHubApplication
java_class_path (initial): C:\Users\Kaung Zaw Hein\Desktop\Acknowledge_Hub Project\acKnowledgeHub(backend)\target\classes;C:\Users\Kaung Zaw Hein\.m2\repository\org\springframework\boot\spring-boot-starter-data-jpa\3.3.1\spring-boot-starter-data-jpa-3.3.1.jar;C:\Users\Kaung Zaw Hein\.m2\repository\org\springframework\boot\spring-boot-starter-aop\3.3.1\spring-boot-starter-aop-3.3.1.jar;C:\Users\Kaung Zaw Hein\.m2\repository\org\aspectj\aspectjweaver\1.9.22\aspectjweaver-1.9.22.jar;C:\Users\Kaung Zaw Hein\.m2\repository\org\springframework\boot\spring-boot-starter-jdbc\3.3.1\spring-boot-starter-jdbc-3.3.1.jar;C:\Users\Kaung Zaw Hein\.m2\repository\com\zaxxer\HikariCP\5.1.0\HikariCP-5.1.0.jar;C:\Users\Kaung Zaw Hein\.m2\repository\org\springframework\spring-jdbc\6.1.10\spring-jdbc-6.1.10.jar;C:\Users\Kaung Zaw Hein\.m2\repository\org\hibernate\orm\hibernate-core\6.5.2.Final\hibernate-core-6.5.2.Final.jar;C:\Users\Kaung Zaw Hein\.m2\repository\jakarta\persistence\jakarta.persistence-api\3.1.0\jakarta.persistence-api-3.1.0.jar;C:\Users\Kaung Zaw Hein\.m2\repository\jakarta\transaction\jakarta.transaction-api\2.0.1\jakarta.transaction-api-2.0.1.jar;C:\Users\Kaung Zaw Hein\.m2\repository\org\jboss\logging\jboss-logging\3.5.3.Final\jboss-logging-3.5.3.Final.jar;C:\Users\Kaung Zaw Hein\.m2\repository\org\hibernate\common\hibernate-commons-annotations\6.0.6.Final\hibernate-commons-annotations-6.0.6.Final.jar;C:\Users\Kaung Zaw Hein\.m2\repository\io\smallrye\jandex\3.1.2\jandex-3.1.2.jar;C:\Users\Kaung Zaw Hein\.m2\repository\com\fasterxml\classmate\1.7.0\classmate-1.7.0.jar;C:\Users\Kaung Zaw Hein\.m2\repository\net\bytebuddy\byte-buddy\1.14.17\byte-buddy-1.14.17.jar;C:\Users\Kaung Zaw Hein\.m2\repository\org\glassfish\jaxb\jaxb-runtime\4.0.5\jaxb-runtime-4.0.5.jar;C:\Users\Kaung Zaw Hein\.m2\repository\org\glassfish\jaxb\jaxb-core\4.0.5\jaxb-core-4.0.5.jar;C:\Users\Kaung Zaw Hein\.m2\repository\org\glassfish\jaxb\txw2\4.0.5\txw2-4.0.5.jar;C:\Users\Kaung Zaw Hein\.m2\repos
Launcher Type: SUN_STANDARD

[Global flags]
     intx CICompilerCount                          = 4                                         {product} {ergonomic}
     uint ConcGCThreads                            = 2                                         {product} {ergonomic}
     uint G1ConcRefinementThreads                  = 8                                         {product} {ergonomic}
   size_t G1HeapRegionSize                         = 1048576                                   {product} {ergonomic}
    uintx GCDrainStackTargetSize                   = 64                                        {product} {ergonomic}
   size_t InitialHeapSize                          = 96468992                                  {product} {ergonomic}
   size_t MarkStackSize                            = 4194304                                   {product} {ergonomic}
   size_t MaxHeapSize                              = 1541406720                                {product} {ergonomic}
   size_t MaxNewSize                               = 924844032                                 {product} {ergonomic}
   size_t MinHeapDeltaBytes                        = 1048576                                   {product} {ergonomic}
   size_t MinHeapSize                              = 8388608                                   {product} {ergonomic}
    uintx NonNMethodCodeHeapSize                   = 5839372                                {pd product} {ergonomic}
    uintx NonProfiledCodeHeapSize                  = 122909434                              {pd product} {ergonomic}
    uintx ProfiledCodeHeapSize                     = 122909434                              {pd product} {ergonomic}
    uintx ReservedCodeCacheSize                    = 251658240                              {pd product} {ergonomic}
     bool SegmentedCodeCache                       = true                                      {product} {ergonomic}
   size_t SoftMaxHeapSize                          = 1541406720                             {manageable} {ergonomic}
     bool UseCompressedClassPointers               = true                           {product lp64_product} {ergonomic}
     bool UseCompressedOops                        = true                           {product lp64_product} {ergonomic}
     bool UseG1GC                                  = true                                      {product} {ergonomic}
     bool UseLargePagesIndividualAllocation        = false                                  {pd product} {ergonomic}

Logging:
Log output configuration:
 #0: stdout all=warning uptime,level,tags
 #1: stderr all=off uptime,level,tags

Environment Variables:
JAVA_HOME=C:\Program Files\Java\jdk-17.0.2
PATH=C:\Program Files (x86)\VMware\VMware Workstation\bin\;C:\Python312\Scripts\;C:\Python312\;C:\Program Files\Common Files\Oracle\Java\javapath;C:\WINDOWS\system32;C:\WINDOWS;C:\WINDOWS\System32\Wbem;C:\WINDOWS\System32\WindowsPowerShell\v1.0\;C:\WINDOWS\System32\OpenSSH\;C:\Program Files\Java\jdk-17.0.2\bin;C:\Program Files\Git\cmd;C:\Program Files\Git\mingw64\bin;C:\Program Files\Git\usr\bin;C:\Program Files\Cloudflare\Cloudflare WARP\;C:\Program Files\nodejs;C:\ProgramData\chocolatey\bin;C:\Program Files\Amazon\AWSCLIV2\;D:\Chrome Downloads\cmake-3.30.2-windows-x86_64\bin;D:\OJT\TDLIB\td\vcpkg;C:\Program Files\Apache\Maven\apache-maven-3.9.8\bin;C:\Program Files\Git\mingw64\bin;D:\OJT\TDLIB\td\vcpkg\installed\x64-windows\tools\gperf;D:\OJT\TDLIB\td\vcpkg\installed\x64-windows\lib\zlib.lib;D:\OJT\TDLIB\td\vcpkg\installed\x64-windows\include;D:\Chrome Downloads\php-8.3.10-nts-Win32-vs16-x64;C:\Users\Kaung Zaw Hein\AppData\Local\Microsoft\WindowsApps;C:\Users\Kaung Zaw Hein\AppData\Local\Programs\Microsoft VS Code\bin;D:\Software\IntelliJ IDEA 2024.1.2\bin;;C:\Users\Kaung Zaw Hein\AppData\Local\GitHubDesktop\bin;C:\Users\Kaung Zaw Hein\AppData\Roaming\npm;C:\Users\Kaung Zaw Hein\AppData\Local\Google\Cloud SDK\google-cloud-sdk\bin
USERNAME=Kaung Zaw Hein
OS=Windows_NT
PROCESSOR_IDENTIFIER=AMD64 Family 23 Model 160 Stepping 0, AuthenticAMD



---------------  S Y S T E M  ---------------

OS:
 Windows 11 , 64 bit Build 22621 (10.0.22621.3672)
OS uptime: 0 days 23:45 hours
Hyper-V role detected

CPU: total 8 (initial active 8) (8 cores per cpu, 2 threads per core) family 23 model 160 stepping 0 microcode 0x0, cx8, cmov, fxsr, ht, mmx, 3dnowpref, sse, sse2, sse3, ssse3, sse4a, sse4.1, sse4.2, popcnt, lzcnt, tsc, tscinvbit, avx, avx2, aes, clmul, bmi1, bmi2, adx, sha, fma, vzeroupper, clflush, clflushopt, hv

Memory: 4k page, system-wide physical 5877M (16M free)
TotalPageFile size 24309M (AvailPageFile size 274M)
current process WorkingSet (physical memory assigned to process): 136M, peak: 353M
current process commit charge ("private bytes"): 518M, peak: 798M

vm_info: Java HotSpot(TM) 64-Bit Server VM (17.0.2+8-LTS-86) for windows-amd64 JRE (17.0.2+8-LTS-86), built on Dec  7 2021 21:51:03 by "mach5one" with MS VC++ 16.8 / 16.9 (VS2019)

END.
